[START]
2019-12-05-20-35-36
==============================
HRED (
  (goal_encoder): MlpGoalEncoder(
    (cnt_enc): Embedding(12, 64)
    (val_enc): Embedding(12, 64)
    (encoder): Sequential(
      (0): Tanh()
      (1): Linear(in_features=192, out_features=64, bias=True)
    )
  ), parameters=13888
  (embedding): Embedding(2542, 256, padding_idx=0), parameters=650752
  (utt_encoder): RnnUttEncoder(
    (embedding): Embedding(2542, 256, padding_idx=0)
    (rnn): EncoderRNN(
      (input_dropout): Dropout(p=0.3, inplace=False)
      (rnn): GRU(321, 128, batch_first=True, dropout=0.3, bidirectional=True)
    )
  ), parameters=997120
  (ctx_encoder): EncoderRNN(
    (input_dropout): Dropout(p=0.0, inplace=False)
    (rnn): GRU(256, 256, batch_first=True, dropout=0.3)
  ), parameters=394752
  (connector): IdentityConnector(), parameters=0
  (decoder): DecoderRNN(
    (input_dropout): Dropout(p=0.3, inplace=False)
    (rnn): GRU(320, 256, batch_first=True, dropout=0.3)
    (embedding): Embedding(2542, 256, padding_idx=0)
    (attention): Attention(
      (linear_out): Linear(in_features=512, out_features=256, bias=True)
      (dec_w): Linear(in_features=256, out_features=256, bias=True)
      (attn_w): Linear(in_features=256, out_features=256, bias=True)
      (query_w): Linear(in_features=256, out_features=1, bias=True)
    )
    (project): Linear(in_features=256, out_features=2542, bias=True)
  ), parameters=2011119
  (nll): NLLEntropy(), parameters=0
) Total Parameters=4067631
***** Training Begins at 2019-12-05 20-35-40 *****
***** Epoch 0/50 *****
100/400-(0.000): Train nll PPL 36.523
200/400-(0.000): Train nll PPL 13.966
300/400-(0.000): Train nll PPL 10.208
0/400-(0.000): Train nll PPL 9.609
Checkpoint step at 2019-12-05 20-35-46
==== Evaluating Model ====
Train nll PPL 14.956
done epoch 0 -> 1
Generation: 50 batches
Val nll PPL 9.036
Total valid loss = 2.201193943674714
Test nll PPL 8.770
Total valid loss = 2.171306986545882
Update patience to 10
!!Model Saved with loss = 2.201193943674714,at 2019-12-05 20-35-51.

***** Epoch 1/50 *****
100/400-(0.000): Train nll PPL 9.873
200/400-(0.000): Train nll PPL 8.857
300/400-(0.000): Train nll PPL 8.782
0/400-(0.000): Train nll PPL 8.411
Checkpoint step at 2019-12-05 20-35-57
==== Evaluating Model ====
Train nll PPL 8.965
done epoch 1 -> 2
Generation: 50 batches
Val nll PPL 7.892
Total valid loss = 2.065802536327461
Test nll PPL 7.707
Total valid loss = 2.042185649445755
Update patience to 10
!!Model Saved with loss = 2.065802536327461,at 2019-12-05 20-36-03.

***** Epoch 2/50 *****
100/400-(0.000): Train nll PPL 8.070
200/400-(0.000): Train nll PPL 8.429
300/400-(0.000): Train nll PPL 8.498
0/400-(0.000): Train nll PPL 7.588
Checkpoint step at 2019-12-05 20-36-09
==== Evaluating Model ====
Train nll PPL 8.138
done epoch 2 -> 3
Generation: 50 batches
Val nll PPL 7.065
Total valid loss = 1.9551447302213014
Test nll PPL 6.927
Total valid loss = 1.9353561931689882
Update patience to 10
!!Model Saved with loss = 1.9551447302213014,at 2019-12-05 20-36-14.

***** Epoch 3/50 *****
100/400-(0.000): Train nll PPL 7.773
200/400-(0.000): Train nll PPL 7.739
300/400-(0.000): Train nll PPL 7.347
0/400-(0.000): Train nll PPL 7.327
Checkpoint step at 2019-12-05 20-36-20
==== Evaluating Model ====
Train nll PPL 7.543
done epoch 3 -> 4
Generation: 50 batches
Val nll PPL 6.859
Total valid loss = 1.925610845379284
Test nll PPL 6.596
Total valid loss = 1.8865218980684026
Update patience to 10
!!Model Saved with loss = 1.925610845379284,at 2019-12-05 20-36-26.

***** Epoch 4/50 *****
100/400-(0.000): Train nll PPL 7.392
200/400-(0.000): Train nll PPL 6.953
300/400-(0.000): Train nll PPL 7.469
0/400-(0.000): Train nll PPL 6.809
Checkpoint step at 2019-12-05 20-36-31
==== Evaluating Model ====
Train nll PPL 7.150
done epoch 4 -> 5
Generation: 50 batches
Val nll PPL 6.801
Total valid loss = 1.9171212084618883
Test nll PPL 6.586
Total valid loss = 1.8848799093141302
Update patience to 10
!!Model Saved with loss = 1.9171212084618883,at 2019-12-05 20-36-37.

***** Epoch 5/50 *****
100/400-(0.000): Train nll PPL 6.919
200/400-(0.000): Train nll PPL 7.040
300/400-(0.000): Train nll PPL 6.905
0/400-(0.000): Train nll PPL 6.849
Checkpoint step at 2019-12-05 20-36-43
==== Evaluating Model ====
Train nll PPL 6.928
done epoch 5 -> 6
Generation: 50 batches
Val nll PPL 6.334
Total valid loss = 1.8458949287879072
Test nll PPL 6.202
Total valid loss = 1.8248575282187516
Update patience to 12.0
!!Model Saved with loss = 1.8458949287879072,at 2019-12-05 20-36-49.

***** Epoch 6/50 *****
100/400-(0.000): Train nll PPL 6.608
200/400-(0.000): Train nll PPL 6.243
300/400-(0.000): Train nll PPL 5.715
0/400-(0.000): Train nll PPL 6.429
Checkpoint step at 2019-12-05 20-36-54
==== Evaluating Model ====
Train nll PPL 6.240
done epoch 6 -> 7
Generation: 50 batches
Val nll PPL 6.177
Total valid loss = 1.820764629603312
Test nll PPL 6.058
Total valid loss = 1.8013482603736704
Update patience to 14.0
!!Model Saved with loss = 1.820764629603312,at 2019-12-05 20-37-00.

***** Epoch 7/50 *****
100/400-(0.000): Train nll PPL 6.096
200/400-(0.000): Train nll PPL 6.256
300/400-(0.000): Train nll PPL 6.466
0/400-(0.000): Train nll PPL 5.719
Checkpoint step at 2019-12-05 20-37-06
==== Evaluating Model ====
Train nll PPL 6.128
done epoch 7 -> 8
Generation: 50 batches
Val nll PPL 6.068
Total valid loss = 1.8030927968641048
Test nll PPL 5.970
Total valid loss = 1.7867028235029359
Update patience to 16.0
!!Model Saved with loss = 1.8030927968641048,at 2019-12-05 20-37-12.

***** Epoch 8/50 *****
100/400-(0.000): Train nll PPL 6.187
200/400-(0.000): Train nll PPL 6.380
300/400-(0.000): Train nll PPL 6.262
0/400-(0.000): Train nll PPL 6.268
Checkpoint step at 2019-12-05 20-37-18
==== Evaluating Model ====
Train nll PPL 6.274
done epoch 8 -> 9
Generation: 50 batches
Val nll PPL 6.051
Total valid loss = 1.8002916506295714
Test nll PPL 5.929
Total valid loss = 1.7798610472407177
!!Model Saved with loss = 1.8002916506295714,at 2019-12-05 20-37-23.

***** Epoch 9/50 *****
100/400-(0.000): Train nll PPL 5.788
200/400-(0.000): Train nll PPL 5.965
300/400-(0.000): Train nll PPL 5.537
0/400-(0.000): Train nll PPL 6.244
Checkpoint step at 2019-12-05 20-37-29
==== Evaluating Model ====
Train nll PPL 5.878
done epoch 9 -> 10
Generation: 50 batches
Val nll PPL 5.952
Total valid loss = 1.783806127815669
Test nll PPL 5.769
Total valid loss = 1.752544071964438
Update patience to 20.0
!!Model Saved with loss = 1.783806127815669,at 2019-12-05 20-37-34.

***** Epoch 10/50 *****
100/400-(0.000): Train nll PPL 6.361
200/400-(0.000): Train nll PPL 6.150
300/400-(0.000): Train nll PPL 6.310
0/400-(0.000): Train nll PPL 5.929
Checkpoint step at 2019-12-05 20-37-40
==== Evaluating Model ====
Train nll PPL 6.185
done epoch 10 -> 11
Generation: 50 batches
Val nll PPL 5.895
Total valid loss = 1.77404537390079
Test nll PPL 5.693
Total valid loss = 1.7393013155052417
Update patience to 22.0
!!Model Saved with loss = 1.77404537390079,at 2019-12-05 20-37-46.

***** Epoch 11/50 *****
100/400-(0.000): Train nll PPL 6.250
200/400-(0.000): Train nll PPL 6.129
300/400-(0.000): Train nll PPL 6.144
0/400-(0.000): Train nll PPL 6.168
Checkpoint step at 2019-12-05 20-37-52
==== Evaluating Model ====
Train nll PPL 6.173
done epoch 11 -> 12
Generation: 50 batches
Val nll PPL 5.656
Total valid loss = 1.7327541027121878
Test nll PPL 5.551
Total valid loss = 1.713926095926263
Update patience to 24.0
!!Model Saved with loss = 1.7327541027121878,at 2019-12-05 20-37-57.

***** Epoch 12/50 *****
100/400-(0.000): Train nll PPL 6.122
200/400-(0.000): Train nll PPL 5.937
300/400-(0.000): Train nll PPL 5.423
0/400-(0.000): Train nll PPL 5.770
Checkpoint step at 2019-12-05 20-38-03
==== Evaluating Model ====
Train nll PPL 5.807
done epoch 12 -> 13
Generation: 50 batches
Val nll PPL 5.617
Total valid loss = 1.7257121029375224
Test nll PPL 5.478
Total valid loss = 1.7008266566824097
Update patience to 26.0
!!Model Saved with loss = 1.7257121029375224,at 2019-12-05 20-38-09.

***** Epoch 13/50 *****
100/400-(0.000): Train nll PPL 5.326
200/400-(0.000): Train nll PPL 5.395
300/400-(0.000): Train nll PPL 4.993
0/400-(0.000): Train nll PPL 5.611
Checkpoint step at 2019-12-05 20-38-15
==== Evaluating Model ====
Train nll PPL 5.326
done epoch 13 -> 14
Generation: 50 batches
Val nll PPL 5.543
Total valid loss = 1.7125799288608932
Test nll PPL 5.440
Total valid loss = 1.6938235845855887
Update patience to 28.0
!!Model Saved with loss = 1.7125799288608932,at 2019-12-05 20-38-20.

***** Epoch 14/50 *****
100/400-(0.000): Train nll PPL 5.530
200/400-(0.000): Train nll PPL 5.478
300/400-(0.000): Train nll PPL 5.065
0/400-(0.000): Train nll PPL 5.112
Checkpoint step at 2019-12-05 20-38-26
==== Evaluating Model ====
Train nll PPL 5.292
done epoch 14 -> 15
Generation: 50 batches
Val nll PPL 5.618
Total valid loss = 1.7260259873752664
Test nll PPL 5.462
Total valid loss = 1.6977728809240653

***** Epoch 15/50 *****
100/400-(0.000): Train nll PPL 5.287
200/400-(0.000): Train nll PPL 5.460
300/400-(0.000): Train nll PPL 5.354
0/400-(0.000): Train nll PPL 5.481
Checkpoint step at 2019-12-05 20-38-37
==== Evaluating Model ====
Train nll PPL 5.395
done epoch 15 -> 16
Generation: 50 batches
Val nll PPL 5.504
Total valid loss = 1.705486018499325
Test nll PPL 5.352
Total valid loss = 1.6774144727920852
Update patience to 32.0
!!Model Saved with loss = 1.705486018499325,at 2019-12-05 20-38-43.

***** Epoch 16/50 *****
100/400-(0.000): Train nll PPL 5.052
200/400-(0.000): Train nll PPL 5.581
300/400-(0.000): Train nll PPL 5.218
0/400-(0.000): Train nll PPL 5.333
Checkpoint step at 2019-12-05 20-38-48
==== Evaluating Model ====
Train nll PPL 5.292
done epoch 16 -> 17
Generation: 50 batches
Val nll PPL 5.413
Total valid loss = 1.6887397275639635
Test nll PPL 5.331
Total valid loss = 1.6736281054101516
Update patience to 34.0
!!Model Saved with loss = 1.6887397275639635,at 2019-12-05 20-38-54.

***** Epoch 17/50 *****
100/400-(0.000): Train nll PPL 5.621
200/400-(0.000): Train nll PPL 5.183
300/400-(0.000): Train nll PPL 5.398
0/400-(0.000): Train nll PPL 5.527
Checkpoint step at 2019-12-05 20-39-00
==== Evaluating Model ====
Train nll PPL 5.430
done epoch 17 -> 18
Generation: 50 batches
Val nll PPL 5.575
Total valid loss = 1.71832991482147
Test nll PPL 5.444
Total valid loss = 1.6946020227194738

***** Epoch 18/50 *****
100/400-(0.000): Train nll PPL 5.485
200/400-(0.000): Train nll PPL 5.665
300/400-(0.000): Train nll PPL 5.017
0/400-(0.000): Train nll PPL 5.102
Checkpoint step at 2019-12-05 20-39-11
==== Evaluating Model ====
Train nll PPL 5.311
done epoch 18 -> 19
Generation: 50 batches
Val nll PPL 5.449
Total valid loss = 1.6954300966649918
Test nll PPL 5.277
Total valid loss = 1.6633064275458738

***** Epoch 19/50 *****
100/400-(0.000): Train nll PPL 4.652
200/400-(0.000): Train nll PPL 4.727
300/400-(0.000): Train nll PPL 4.723
0/400-(0.000): Train nll PPL 4.671
Checkpoint step at 2019-12-05 20-39-22
==== Evaluating Model ====
Train nll PPL 4.693
done epoch 19 -> 20
Generation: 50 batches
Val nll PPL 5.150
Total valid loss = 1.6389278155851188
Test nll PPL 5.025
Total valid loss = 1.6143355673256936
Update patience to 40.0
!!Model Saved with loss = 1.6389278155851188,at 2019-12-05 20-39-28.

***** Epoch 20/50 *****
100/400-(0.000): Train nll PPL 4.681
200/400-(0.000): Train nll PPL 4.540
300/400-(0.000): Train nll PPL 4.301
0/400-(0.000): Train nll PPL 4.292
Checkpoint step at 2019-12-05 20-39-34
==== Evaluating Model ====
Train nll PPL 4.450
done epoch 20 -> 21
Generation: 50 batches
Val nll PPL 5.086
Total valid loss = 1.6264270832177898
Test nll PPL 4.980
Total valid loss = 1.6055159144981732
Update patience to 42.0
!!Model Saved with loss = 1.6264270832177898,at 2019-12-05 20-39-39.

***** Epoch 21/50 *****
100/400-(0.000): Train nll PPL 4.235
200/400-(0.000): Train nll PPL 4.516
300/400-(0.000): Train nll PPL 4.551
0/400-(0.000): Train nll PPL 4.433
Checkpoint step at 2019-12-05 20-39-45
==== Evaluating Model ====
Train nll PPL 4.432
done epoch 21 -> 22
Generation: 50 batches
Val nll PPL 5.063
Total valid loss = 1.6218905473107341
Test nll PPL 4.954
Total valid loss = 1.6001878754720942
!!Model Saved with loss = 1.6218905473107341,at 2019-12-05 20-39-51.

***** Epoch 22/50 *****
100/400-(0.000): Train nll PPL 4.786
200/400-(0.000): Train nll PPL 4.186
300/400-(0.000): Train nll PPL 4.345
0/400-(0.000): Train nll PPL 4.572
Checkpoint step at 2019-12-05 20-39-57
==== Evaluating Model ====
Train nll PPL 4.467
done epoch 22 -> 23
Generation: 50 batches
Val nll PPL 5.041
Total valid loss = 1.617666312689271
Test nll PPL 4.935
Total valid loss = 1.596393463276185
Update patience to 46.0
!!Model Saved with loss = 1.617666312689271,at 2019-12-05 20-40-02.

***** Epoch 23/50 *****
100/400-(0.000): Train nll PPL 4.588
200/400-(0.000): Train nll PPL 4.416
300/400-(0.000): Train nll PPL 4.536
0/400-(0.000): Train nll PPL 4.417
Checkpoint step at 2019-12-05 20-40-08
==== Evaluating Model ====
Train nll PPL 4.489
done epoch 23 -> 24
Generation: 50 batches
Val nll PPL 5.006
Total valid loss = 1.6106702936091546
Test nll PPL 4.932
Total valid loss = 1.5958146602481944
Update patience to 48.0
!!Model Saved with loss = 1.6106702936091546,at 2019-12-05 20-40-13.

***** Epoch 24/50 *****
100/400-(0.000): Train nll PPL 4.373
200/400-(0.000): Train nll PPL 4.518
300/400-(0.000): Train nll PPL 4.256
0/400-(0.000): Train nll PPL 4.217
Checkpoint step at 2019-12-05 20-40-19
==== Evaluating Model ====
Train nll PPL 4.340
done epoch 24 -> 25
Generation: 50 batches
Val nll PPL 4.986
Total valid loss = 1.6066060756845228
Test nll PPL 4.918
Total valid loss = 1.5929755888057753
!!Model Saved with loss = 1.6066060756845228,at 2019-12-05 20-40-25.

***** Epoch 25/50 *****
100/400-(0.000): Train nll PPL 4.274
200/400-(0.000): Train nll PPL 4.138
300/400-(0.000): Train nll PPL 4.303
0/400-(0.000): Train nll PPL 4.009
Checkpoint step at 2019-12-05 20-40-30
==== Evaluating Model ====
Train nll PPL 4.179
done epoch 25 -> 26
Generation: 50 batches
Val nll PPL 4.986
Total valid loss = 1.6066390517892872
Test nll PPL 4.913
Total valid loss = 1.5919607515117515

***** Epoch 26/50 *****
100/400-(0.000): Train nll PPL 4.085
200/400-(0.000): Train nll PPL 4.401
300/400-(0.000): Train nll PPL 4.687
0/400-(0.000): Train nll PPL 4.308
Checkpoint step at 2019-12-05 20-40-42
==== Evaluating Model ====
Train nll PPL 4.365
done epoch 26 -> 27
Generation: 50 batches
Val nll PPL 5.023
Total valid loss = 1.6140965559825686
Test nll PPL 4.899
Total valid loss = 1.5889427985981843

***** Epoch 27/50 *****
100/400-(0.000): Train nll PPL 4.377
200/400-(0.000): Train nll PPL 4.278
300/400-(0.000): Train nll PPL 4.323
0/400-(0.000): Train nll PPL 4.236
Checkpoint step at 2019-12-05 20-40-53
==== Evaluating Model ====
Train nll PPL 4.303
done epoch 27 -> 28
Generation: 50 batches
Val nll PPL 4.993
Total valid loss = 1.6079373410267144
Test nll PPL 4.890
Total valid loss = 1.5871007827751538

***** Epoch 28/50 *****
100/400-(0.000): Train nll PPL 4.520
200/400-(0.000): Train nll PPL 4.256
300/400-(0.000): Train nll PPL 4.244
0/400-(0.000): Train nll PPL 4.167
Checkpoint step at 2019-12-05 20-41-04
==== Evaluating Model ====
Train nll PPL 4.295
done epoch 28 -> 29
Generation: 50 batches
Val nll PPL 4.939
Total valid loss = 1.5972314908055802
Test nll PPL 4.887
Total valid loss = 1.58647712509895
Update patience to 58.0
!!Model Saved with loss = 1.5972314908055802,at 2019-12-05 20-41-10.

***** Epoch 29/50 *****
100/400-(0.000): Train nll PPL 4.333
200/400-(0.000): Train nll PPL 4.246
300/400-(0.000): Train nll PPL 4.418
0/400-(0.000): Train nll PPL 4.104
Checkpoint step at 2019-12-05 20-41-16
==== Evaluating Model ====
Train nll PPL 4.274
done epoch 29 -> 30
Generation: 50 batches
Val nll PPL 4.956
Total valid loss = 1.6006750141122685
Test nll PPL 4.883
Total valid loss = 1.5858302202514822

***** Epoch 30/50 *****
100/400-(0.000): Train nll PPL 4.139
200/400-(0.000): Train nll PPL 4.358
300/400-(0.000): Train nll PPL 4.410
0/400-(0.000): Train nll PPL 4.257
Checkpoint step at 2019-12-05 20-41-27
==== Evaluating Model ====
Train nll PPL 4.290
done epoch 30 -> 31
Generation: 50 batches
Val nll PPL 4.996
Total valid loss = 1.6087100307879854
Test nll PPL 4.882
Total valid loss = 1.5854533847293926

***** Epoch 31/50 *****
100/400-(0.000): Train nll PPL 4.351
200/400-(0.000): Train nll PPL 4.097
300/400-(0.000): Train nll PPL 4.309
0/400-(0.000): Train nll PPL 4.286
Checkpoint step at 2019-12-05 20-41-38
==== Evaluating Model ====
Train nll PPL 4.260
done epoch 31 -> 32
Generation: 50 batches
Val nll PPL 4.985
Total valid loss = 1.6064092041821498
Test nll PPL 4.881
Total valid loss = 1.5854334278251736

***** Epoch 32/50 *****
100/400-(0.000): Train nll PPL 4.354
200/400-(0.000): Train nll PPL 4.141
300/400-(0.000): Train nll PPL 4.121
0/400-(0.000): Train nll PPL 4.173
Checkpoint step at 2019-12-05 20-41-49
==== Evaluating Model ====
Train nll PPL 4.196
done epoch 32 -> 33
Generation: 50 batches
Val nll PPL 4.956
Total valid loss = 1.6005534899190783
Test nll PPL 4.881
Total valid loss = 1.585367193693444

***** Epoch 33/50 *****
100/400-(0.000): Train nll PPL 4.231
200/400-(0.000): Train nll PPL 4.105
300/400-(0.000): Train nll PPL 4.242
0/400-(0.000): Train nll PPL 4.282
Checkpoint step at 2019-12-05 20-42-01
==== Evaluating Model ====
Train nll PPL 4.214
done epoch 33 -> 34
Generation: 50 batches
Val nll PPL 4.947
Total valid loss = 1.5988265825813548
Test nll PPL 4.881
Total valid loss = 1.5853581716352543

***** Epoch 34/50 *****
100/400-(0.000): Train nll PPL 4.262
200/400-(0.000): Train nll PPL 4.024
300/400-(0.000): Train nll PPL 4.082
0/400-(0.000): Train nll PPL 4.206
Checkpoint step at 2019-12-05 20-42-12
==== Evaluating Model ====
Train nll PPL 4.142
done epoch 34 -> 35
Generation: 50 batches
Val nll PPL 4.967
Total valid loss = 1.6027574376426499
Test nll PPL 4.881
Total valid loss = 1.5853522034652332

***** Epoch 35/50 *****
100/400-(0.000): Train nll PPL 4.211
200/400-(0.000): Train nll PPL 3.966
300/400-(0.000): Train nll PPL 4.036
0/400-(0.000): Train nll PPL 4.224
Checkpoint step at 2019-12-05 20-42-23
==== Evaluating Model ====
Train nll PPL 4.108
done epoch 35 -> 36
Generation: 50 batches
Val nll PPL 4.947
Total valid loss = 1.598786047903814
Test nll PPL 4.881
Total valid loss = 1.5853518825520128

***** Epoch 36/50 *****
100/400-(0.000): Train nll PPL 4.294
200/400-(0.000): Train nll PPL 4.117
300/400-(0.000): Train nll PPL 4.556
0/400-(0.000): Train nll PPL 4.205
Checkpoint step at 2019-12-05 20-42-35
==== Evaluating Model ====
Train nll PPL 4.290
done epoch 36 -> 37
Generation: 50 batches
Val nll PPL 4.960
Total valid loss = 1.6014479807822026
Test nll PPL 4.881
Total valid loss = 1.5853518222674672

***** Epoch 37/50 *****
100/400-(0.000): Train nll PPL 4.247
200/400-(0.000): Train nll PPL 4.291
300/400-(0.000): Train nll PPL 4.048
0/400-(0.000): Train nll PPL 4.165
Checkpoint step at 2019-12-05 20-42-46
==== Evaluating Model ====
Train nll PPL 4.187
done epoch 37 -> 38
Generation: 50 batches
Val nll PPL 4.938
Total valid loss = 1.5969547044307104
Test nll PPL 4.881
Total valid loss = 1.5853519140540873
!!Model Saved with loss = 1.5969547044307104,at 2019-12-05 20-42-51.

***** Epoch 38/50 *****
100/400-(0.000): Train nll PPL 4.272
200/400-(0.000): Train nll PPL 4.163
300/400-(0.000): Train nll PPL 4.085
0/400-(0.000): Train nll PPL 4.277
Checkpoint step at 2019-12-05 20-42-57
==== Evaluating Model ====
Train nll PPL 4.199
done epoch 38 -> 39
Generation: 50 batches
Val nll PPL 4.948
Total valid loss = 1.598908938385024
Test nll PPL 4.881
Total valid loss = 1.5853518277066743

***** Epoch 39/50 *****
100/400-(0.000): Train nll PPL 3.980
200/400-(0.000): Train nll PPL 4.152
300/400-(0.000): Train nll PPL 4.245
0/400-(0.000): Train nll PPL 4.150
Checkpoint step at 2019-12-05 20-43-09
==== Evaluating Model ====
Train nll PPL 4.130
done epoch 39 -> 40
Generation: 50 batches
Val nll PPL 4.964
Total valid loss = 1.602215888755348
Test nll PPL 4.881
Total valid loss = 1.5853513853178278

***** Epoch 40/50 *****
100/400-(0.000): Train nll PPL 4.148
200/400-(0.000): Train nll PPL 4.127
300/400-(0.000): Train nll PPL 4.478
0/400-(0.000): Train nll PPL 4.188
Checkpoint step at 2019-12-05 20-43-20
==== Evaluating Model ====
Train nll PPL 4.233
done epoch 40 -> 41
Generation: 50 batches
Val nll PPL 4.964
Total valid loss = 1.6022430282237345
Test nll PPL 4.881
Total valid loss = 1.5853509930150138

***** Epoch 41/50 *****
100/400-(0.000): Train nll PPL 4.186
200/400-(0.000): Train nll PPL 4.288
300/400-(0.000): Train nll PPL 4.296
0/400-(0.000): Train nll PPL 4.193
Checkpoint step at 2019-12-05 20-43-31
==== Evaluating Model ====
Train nll PPL 4.240
done epoch 41 -> 42
Generation: 50 batches
Val nll PPL 4.975
Total valid loss = 1.6043413879686617
Test nll PPL 4.881
Total valid loss = 1.5853508110282086

***** Epoch 42/50 *****
100/400-(0.000): Train nll PPL 4.276
200/400-(0.000): Train nll PPL 4.139
300/400-(0.000): Train nll PPL 4.238
0/400-(0.000): Train nll PPL 4.321
Checkpoint step at 2019-12-05 20-43-42
==== Evaluating Model ====
Train nll PPL 4.243
done epoch 42 -> 43
Generation: 50 batches
Val nll PPL 4.946
Total valid loss = 1.5985181212865118
Test nll PPL 4.881
Total valid loss = 1.585350662356547

***** Epoch 43/50 *****
100/400-(0.000): Train nll PPL 4.121
200/400-(0.000): Train nll PPL 4.008
300/400-(0.000): Train nll PPL 4.115
0/400-(0.000): Train nll PPL 4.465
Checkpoint step at 2019-12-05 20-43-53
==== Evaluating Model ====
Train nll PPL 4.174
done epoch 43 -> 44
Generation: 50 batches
Val nll PPL 4.950
Total valid loss = 1.5994822879998887
Test nll PPL 4.881
Total valid loss = 1.5853499901611996

***** Epoch 44/50 *****
100/400-(0.000): Train nll PPL 4.146
200/400-(0.000): Train nll PPL 4.315
300/400-(0.000): Train nll PPL 3.997
0/400-(0.000): Train nll PPL 4.026
Checkpoint step at 2019-12-05 20-44-04
==== Evaluating Model ====
Train nll PPL 4.119
done epoch 44 -> 45
Generation: 50 batches
Val nll PPL 4.969
Total valid loss = 1.603152158075593
Test nll PPL 4.881
Total valid loss = 1.5853494088459377

***** Epoch 45/50 *****
100/400-(0.000): Train nll PPL 4.159
200/400-(0.000): Train nll PPL 4.172
300/400-(0.000): Train nll PPL 4.230
0/400-(0.000): Train nll PPL 4.088
Checkpoint step at 2019-12-05 20-44-15
==== Evaluating Model ====
Train nll PPL 4.162
done epoch 45 -> 46
Generation: 50 batches
Val nll PPL 4.957
Total valid loss = 1.6007313950475293
Test nll PPL 4.881
Total valid loss = 1.5853491090096448

***** Epoch 46/50 *****
100/400-(0.000): Train nll PPL 4.211
200/400-(0.000): Train nll PPL 4.348
300/400-(0.000): Train nll PPL 4.229
0/400-(0.000): Train nll PPL 4.223
Checkpoint step at 2019-12-05 20-44-27
==== Evaluating Model ====
Train nll PPL 4.252
done epoch 46 -> 47
Generation: 50 batches
Val nll PPL 4.956
Total valid loss = 1.6005289163096805
Test nll PPL 4.881
Total valid loss = 1.5853490043049077

***** Epoch 47/50 *****
100/400-(0.000): Train nll PPL 4.334
200/400-(0.000): Train nll PPL 4.072
300/400-(0.000): Train nll PPL 4.230
0/400-(0.000): Train nll PPL 4.342
Checkpoint step at 2019-12-05 20-44-38
==== Evaluating Model ====
Train nll PPL 4.243
done epoch 47 -> 48
Generation: 50 batches
Val nll PPL 4.969
Total valid loss = 1.6033133783023736
Test nll PPL 4.881
Total valid loss = 1.5853488227713697

***** Epoch 48/50 *****
100/400-(0.000): Train nll PPL 4.428
200/400-(0.000): Train nll PPL 3.993
300/400-(0.000): Train nll PPL 4.399
0/400-(0.000): Train nll PPL 4.051
Checkpoint step at 2019-12-05 20-44-49
==== Evaluating Model ====
Train nll PPL 4.213
done epoch 48 -> 49
Generation: 50 batches
Val nll PPL 4.953
Total valid loss = 1.599947238760241
Test nll PPL 4.881
Total valid loss = 1.5853487144404945

***** Epoch 49/50 *****
100/400-(0.000): Train nll PPL 4.276
200/400-(0.000): Train nll PPL 4.121
300/400-(0.000): Train nll PPL 4.279
0/400-(0.000): Train nll PPL 4.222
Checkpoint step at 2019-12-05 20-45-00
==== Evaluating Model ====
Train nll PPL 4.224
done epoch 49 -> 50
Generation: 50 batches
Val nll PPL 5.002
Total valid loss = 1.609888275171118
Test nll PPL 4.881
Total valid loss = 1.585348190010274
Val nll PPL 5.119
Total valid loss = 1.633043318083792
Test nll PPL 5.110
Total valid loss = 1.6312640197575092
Generation: 32 batches
