[START]
2019-12-03-23-44-50
==============================
CatHRED (
  (goal_encoder): MlpGoalEncoder(
    (cnt_enc): Embedding(12, 64)
    (val_enc): Embedding(12, 64)
    (encoder): Sequential(
      (0): Tanh()
      (1): Linear(in_features=192, out_features=64, bias=True)
    )
  ), parameters=13888
  (embedding): Embedding(2542, 256, padding_idx=0), parameters=650752
  (utt_encoder): RnnUttEncoder(
    (embedding): Embedding(2542, 256, padding_idx=0)
    (rnn): EncoderRNN(
      (input_dropout): Dropout(p=0.5, inplace=False)
      (rnn): GRU(320, 128, batch_first=True, dropout=0.5, bidirectional=True)
    )
  ), parameters=996352
  (ctx_encoder): EncoderRNN(
    (input_dropout): Dropout(p=0.0, inplace=False)
    (rnn): GRU(256, 256, batch_first=True, dropout=0.5)
  ), parameters=394752
  (c2z): Hidden2Discrete(
    (p_h): Linear(in_features=256, out_features=200, bias=True)
  ), parameters=51400
  (xc2z): Hidden2Discrete(
    (p_h): Linear(in_features=512, out_features=200, bias=True)
  ), parameters=102600
  (gumbel_connector): GumbelConnector(), parameters=0
  (z_embedding): Linear(in_features=200, out_features=256, bias=False), parameters=51200
  (decoder): DecoderRNN(
    (input_dropout): Dropout(p=0.5, inplace=False)
    (rnn): GRU(320, 256, batch_first=True, dropout=0.5)
    (embedding): Embedding(2542, 256, padding_idx=0)
    (project): Linear(in_features=256, out_features=2542, bias=True)
  ), parameters=1747950
  (nll): NLLEntropy(), parameters=0
  (cat_kl_loss): CatKLLoss(), parameters=0
  (entropy_loss): Entropy(), parameters=0
) Total Parameters=4008894
***** Training Begins at 2019-12-03 23-44-52 *****
***** Epoch 0/100 *****
100/400-(0.000): Train nll PPL 37.507 mi 0.002 pi_kl 0.002 pi_h 2.993
200/400-(0.000): Train nll PPL 12.432 mi 0.024 pi_kl 0.001 pi_h 2.947
300/400-(0.000): Train nll PPL 11.028 mi 0.416 pi_kl 0.008 pi_h 2.221
0/400-(0.000): Train nll PPL 9.465 mi 0.435 pi_kl 0.022 pi_h 1.988
Checkpoint step at 2019-12-03 23-45-08
==== Evaluating Model ====
Train nll PPL 14.853 mi 0.219 pi_kl 0.008 pi_h 2.537
done epoch 0 -> 1
Generation: 1 batches
Val nll PPL 7.978 mi 0.521 pi_kl 0.023 pi_h 1.484
Total valid loss = 2.0994383828474743
Test nll PPL 7.946 mi 0.535 pi_kl 0.024 pi_h 1.490
Total valid loss = 2.096312808493773
Update patience to 10
!!Model Saved with loss = 2.0994383828474743,at 2019-12-03 23-45-10.

***** Epoch 1/100 *****
100/400-(0.000): Train nll PPL 8.189 mi 0.518 pi_kl 0.023 pi_h 1.295
200/400-(0.000): Train nll PPL 7.810 mi 0.522 pi_kl 0.028 pi_h 1.073
300/400-(0.000): Train nll PPL 7.378 mi 0.556 pi_kl 0.031 pi_h 0.838
0/400-(0.000): Train nll PPL 6.457 mi 0.535 pi_kl 0.037 pi_h 0.661
Checkpoint step at 2019-12-03 23-45-26
==== Evaluating Model ====
Train nll PPL 7.430 mi 0.533 pi_kl 0.030 pi_h 0.967
done epoch 1 -> 2
Generation: 1 batches
Val nll PPL 6.307 mi 0.530 pi_kl 0.036 pi_h 0.625
Total valid loss = 1.8774013778950909
Test nll PPL 6.310 mi 0.545 pi_kl 0.038 pi_h 0.630
Total valid loss = 1.8796454047163327
Update patience to 10
!!Model Saved with loss = 1.8774013778950909,at 2019-12-03 23-45-28.

***** Epoch 2/100 *****
100/400-(0.000): Train nll PPL 6.892 mi 0.481 pi_kl 0.038 pi_h 0.615
200/400-(0.000): Train nll PPL 6.385 mi 0.491 pi_kl 0.040 pi_h 0.561
300/400-(0.000): Train nll PPL 5.885 mi 0.496 pi_kl 0.041 pi_h 0.454
0/400-(0.000): Train nll PPL 5.820 mi 0.480 pi_kl 0.044 pi_h 0.439
Checkpoint step at 2019-12-03 23-45-44
==== Evaluating Model ====
Train nll PPL 6.231 mi 0.487 pi_kl 0.041 pi_h 0.517
done epoch 2 -> 3
Generation: 1 batches
Val nll PPL 5.340 mi 0.502 pi_kl 0.049 pi_h 0.438
Total valid loss = 1.7240419316999982
Test nll PPL 5.359 mi 0.518 pi_kl 0.052 pi_h 0.441
Total valid loss = 1.730529251197974
Update patience to 10
!!Model Saved with loss = 1.7240419316999982,at 2019-12-03 23-45-46.

***** Epoch 3/100 *****
100/400-(0.000): Train nll PPL 5.676 mi 0.483 pi_kl 0.043 pi_h 0.390
200/400-(0.000): Train nll PPL 5.557 mi 0.478 pi_kl 0.043 pi_h 0.367
300/400-(0.000): Train nll PPL 5.385 mi 0.486 pi_kl 0.045 pi_h 0.334
0/400-(0.000): Train nll PPL 5.395 mi 0.472 pi_kl 0.044 pi_h 0.318
Checkpoint step at 2019-12-03 23-46-01
==== Evaluating Model ====
Train nll PPL 5.502 mi 0.480 pi_kl 0.043 pi_h 0.352
done epoch 3 -> 4
Generation: 1 batches
Val nll PPL 4.861 mi 0.483 pi_kl 0.044 pi_h 0.312
Total valid loss = 1.6255284347156487
Test nll PPL 4.813 mi 0.497 pi_kl 0.046 pi_h 0.310
Total valid loss = 1.6175966672599316
Update patience to 10
!!Model Saved with loss = 1.6255284347156487,at 2019-12-03 23-46-03.

***** Epoch 4/100 *****
100/400-(0.000): Train nll PPL 5.097 mi 0.465 pi_kl 0.045 pi_h 0.318
200/400-(0.000): Train nll PPL 4.867 mi 0.502 pi_kl 0.044 pi_h 0.284
300/400-(0.000): Train nll PPL 4.915 mi 0.470 pi_kl 0.042 pi_h 0.284
0/400-(0.000): Train nll PPL 4.746 mi 0.480 pi_kl 0.045 pi_h 0.276
Checkpoint step at 2019-12-03 23-46-19
==== Evaluating Model ====
Train nll PPL 4.905 mi 0.479 pi_kl 0.044 pi_h 0.290
done epoch 4 -> 5
Generation: 1 batches
Val nll PPL 4.624 mi 0.487 pi_kl 0.045 pi_h 0.294
Total valid loss = 1.576640805395523
Test nll PPL 4.602 mi 0.499 pi_kl 0.048 pi_h 0.291
Total valid loss = 1.5741712003946304
Update patience to 10
!!Model Saved with loss = 1.576640805395523,at 2019-12-03 23-46-21.

***** Epoch 5/100 *****
100/400-(0.000): Train nll PPL 4.671 mi 0.474 pi_kl 0.041 pi_h 0.265
200/400-(0.000): Train nll PPL 4.841 mi 0.469 pi_kl 0.043 pi_h 0.262
300/400-(0.000): Train nll PPL 4.692 mi 0.470 pi_kl 0.043 pi_h 0.257
0/400-(0.000): Train nll PPL 4.647 mi 0.483 pi_kl 0.045 pi_h 0.269
Checkpoint step at 2019-12-03 23-46-37
==== Evaluating Model ====
Train nll PPL 4.712 mi 0.474 pi_kl 0.043 pi_h 0.264
done epoch 5 -> 6
Generation: 1 batches
Val nll PPL 4.543 mi 0.482 pi_kl 0.048 pi_h 0.288
Total valid loss = 1.5615662773056787
Test nll PPL 4.457 mi 0.496 pi_kl 0.050 pi_h 0.287
Total valid loss = 1.5442479110012453
Update patience to 12.0
!!Model Saved with loss = 1.5615662773056787,at 2019-12-03 23-46-39.

***** Epoch 6/100 *****
100/400-(0.000): Train nll PPL 4.597 mi 0.464 pi_kl 0.040 pi_h 0.251
200/400-(0.000): Train nll PPL 4.604 mi 0.478 pi_kl 0.041 pi_h 0.256
300/400-(0.000): Train nll PPL 4.385 mi 0.476 pi_kl 0.039 pi_h 0.234
0/400-(0.000): Train nll PPL 4.694 mi 0.480 pi_kl 0.040 pi_h 0.234
Checkpoint step at 2019-12-03 23-46-55
==== Evaluating Model ====
Train nll PPL 4.568 mi 0.474 pi_kl 0.040 pi_h 0.244
done epoch 6 -> 7
Generation: 1 batches
Val nll PPL 4.472 mi 0.470 pi_kl 0.037 pi_h 0.240
Total valid loss = 1.5347581594297202
Test nll PPL 4.420 mi 0.488 pi_kl 0.039 pi_h 0.241
Total valid loss = 1.524939867357413
Update patience to 14.0
!!Model Saved with loss = 1.5347581594297202,at 2019-12-03 23-46-57.

***** Epoch 7/100 *****
100/400-(0.000): Train nll PPL 4.534 mi 0.473 pi_kl 0.040 pi_h 0.236
200/400-(0.000): Train nll PPL 4.287 mi 0.469 pi_kl 0.041 pi_h 0.243
300/400-(0.000): Train nll PPL 4.135 mi 0.476 pi_kl 0.041 pi_h 0.237
0/400-(0.000): Train nll PPL 4.309 mi 0.483 pi_kl 0.043 pi_h 0.239
Checkpoint step at 2019-12-03 23-47-12
==== Evaluating Model ====
Train nll PPL 4.314 mi 0.475 pi_kl 0.041 pi_h 0.238
done epoch 7 -> 8
Generation: 1 batches
Val nll PPL 4.332 mi 0.478 pi_kl 0.040 pi_h 0.240
Total valid loss = 1.5054376172547292
Test nll PPL 4.313 mi 0.493 pi_kl 0.041 pi_h 0.240
Total valid loss = 1.5029339144627254
Update patience to 16.0
!!Model Saved with loss = 1.5054376172547292,at 2019-12-03 23-47-14.

***** Epoch 8/100 *****
100/400-(0.000): Train nll PPL 4.450 mi 0.455 pi_kl 0.042 pi_h 0.237
200/400-(0.000): Train nll PPL 4.410 mi 0.487 pi_kl 0.041 pi_h 0.217
300/400-(0.000): Train nll PPL 4.350 mi 0.472 pi_kl 0.040 pi_h 0.222
0/400-(0.000): Train nll PPL 4.365 mi 0.477 pi_kl 0.042 pi_h 0.230
Checkpoint step at 2019-12-03 23-47-30
==== Evaluating Model ====
Train nll PPL 4.394 mi 0.473 pi_kl 0.041 pi_h 0.226
done epoch 8 -> 9
Generation: 1 batches
Val nll PPL 4.229 mi 0.494 pi_kl 0.052 pi_h 0.282
Total valid loss = 1.493703273263308
Test nll PPL 4.181 mi 0.508 pi_kl 0.054 pi_h 0.283
Total valid loss = 1.4845015555620193
Update patience to 18.0
!!Model Saved with loss = 1.493703273263308,at 2019-12-03 23-47-32.

***** Epoch 9/100 *****
100/400-(0.000): Train nll PPL 4.211 mi 0.461 pi_kl 0.041 pi_h 0.215
200/400-(0.000): Train nll PPL 4.111 mi 0.473 pi_kl 0.041 pi_h 0.222
300/400-(0.000): Train nll PPL 4.041 mi 0.467 pi_kl 0.042 pi_h 0.220
0/400-(0.000): Train nll PPL 3.988 mi 0.477 pi_kl 0.040 pi_h 0.217
Checkpoint step at 2019-12-03 23-47-48
==== Evaluating Model ====
Train nll PPL 4.087 mi 0.469 pi_kl 0.041 pi_h 0.218
done epoch 9 -> 10
Generation: 1 batches
Val nll PPL 4.127 mi 0.483 pi_kl 0.046 pi_h 0.240
Total valid loss = 1.4635632250568655
Test nll PPL 4.089 mi 0.497 pi_kl 0.047 pi_h 0.239
Total valid loss = 1.4558229049046834
Update patience to 20.0
!!Model Saved with loss = 1.4635632250568655,at 2019-12-03 23-47-50.

***** Epoch 10/100 *****
100/400-(0.000): Train nll PPL 4.195 mi 0.469 pi_kl 0.042 pi_h 0.221
200/400-(0.000): Train nll PPL 4.069 mi 0.464 pi_kl 0.042 pi_h 0.221
300/400-(0.000): Train nll PPL 4.097 mi 0.502 pi_kl 0.042 pi_h 0.216
0/400-(0.000): Train nll PPL 4.011 mi 0.458 pi_kl 0.041 pi_h 0.209
Checkpoint step at 2019-12-03 23-48-05
==== Evaluating Model ====
Train nll PPL 4.092 mi 0.473 pi_kl 0.042 pi_h 0.217
done epoch 10 -> 11
Generation: 1 batches
Val nll PPL 4.111 mi 0.479 pi_kl 0.045 pi_h 0.230
Total valid loss = 1.4586380307037052
Test nll PPL 4.044 mi 0.494 pi_kl 0.047 pi_h 0.230
Total valid loss = 1.4443379646788042
!!Model Saved with loss = 1.4586380307037052,at 2019-12-03 23-48-07.

***** Epoch 11/100 *****
100/400-(0.000): Train nll PPL 4.003 mi 0.482 pi_kl 0.043 pi_h 0.220
200/400-(0.000): Train nll PPL 4.055 mi 0.477 pi_kl 0.043 pi_h 0.218
300/400-(0.000): Train nll PPL 3.997 mi 0.482 pi_kl 0.041 pi_h 0.211
0/400-(0.000): Train nll PPL 3.974 mi 0.476 pi_kl 0.045 pi_h 0.221
Checkpoint step at 2019-12-03 23-48-23
==== Evaluating Model ====
Train nll PPL 4.007 mi 0.479 pi_kl 0.043 pi_h 0.217
done epoch 11 -> 12
Generation: 1 batches
Val nll PPL 4.039 mi 0.494 pi_kl 0.050 pi_h 0.243
Total valid loss = 1.4464903975477312
Test nll PPL 4.004 mi 0.503 pi_kl 0.052 pi_h 0.244
Total valid loss = 1.43971732010444
Update patience to 24.0
!!Model Saved with loss = 1.4464903975477312,at 2019-12-03 23-48-25.

***** Epoch 12/100 *****
100/400-(0.000): Train nll PPL 3.919 mi 0.469 pi_kl 0.042 pi_h 0.204
200/400-(0.000): Train nll PPL 3.818 mi 0.468 pi_kl 0.045 pi_h 0.206
300/400-(0.000): Train nll PPL 3.883 mi 0.479 pi_kl 0.042 pi_h 0.198
0/400-(0.000): Train nll PPL 3.718 mi 0.464 pi_kl 0.044 pi_h 0.201
Checkpoint step at 2019-12-03 23-48-41
==== Evaluating Model ====
Train nll PPL 3.834 mi 0.470 pi_kl 0.043 pi_h 0.202
done epoch 12 -> 13
Generation: 1 batches
Val nll PPL 3.939 mi 0.479 pi_kl 0.050 pi_h 0.226
Total valid loss = 1.4211665775516245
Test nll PPL 3.919 mi 0.496 pi_kl 0.053 pi_h 0.229
Total valid loss = 1.4184055036554735
Update patience to 26.0
!!Model Saved with loss = 1.4211665775516245,at 2019-12-03 23-48-43.

***** Epoch 13/100 *****
100/400-(0.000): Train nll PPL 3.955 mi 0.472 pi_kl 0.043 pi_h 0.205
200/400-(0.000): Train nll PPL 3.858 mi 0.479 pi_kl 0.044 pi_h 0.208
300/400-(0.000): Train nll PPL 3.740 mi 0.463 pi_kl 0.047 pi_h 0.208
0/400-(0.000): Train nll PPL 3.943 mi 0.415 pi_kl 0.047 pi_h 0.213
Checkpoint step at 2019-12-03 23-48-59
==== Evaluating Model ====
Train nll PPL 3.873 mi 0.457 pi_kl 0.045 pi_h 0.208
done epoch 13 -> 14
Generation: 1 batches
Val nll PPL 4.007 mi 0.074 pi_kl 0.064 pi_h 0.242
Total valid loss = 1.4521292690003271
Test nll PPL 3.981 mi 0.070 pi_kl 0.062 pi_h 0.242
Total valid loss = 1.4431750451525052

***** Epoch 14/100 *****
100/400-(0.000): Train nll PPL 3.700 mi 0.163 pi_kl 0.049 pi_h 0.230
200/400-(0.000): Train nll PPL 3.565 mi 0.069 pi_kl 0.047 pi_h 0.260
300/400-(0.000): Train nll PPL 3.755 mi 0.069 pi_kl 0.047 pi_h 0.255
0/400-(0.000): Train nll PPL 3.892 mi 0.069 pi_kl 0.046 pi_h 0.255
Checkpoint step at 2019-12-03 23-49-16
==== Evaluating Model ====
Train nll PPL 3.726 mi 0.092 pi_kl 0.048 pi_h 0.250
done epoch 14 -> 15
Generation: 1 batches
Val nll PPL 3.907 mi 0.081 pi_kl 0.052 pi_h 0.277
Total valid loss = 1.4150084546296904
Test nll PPL 3.865 mi 0.082 pi_kl 0.054 pi_h 0.280
Total valid loss = 1.4063658335556586
Update patience to 30.0
!!Model Saved with loss = 1.4150084546296904,at 2019-12-03 23-49-18.

***** Epoch 15/100 *****
100/400-(0.000): Train nll PPL 3.677 mi 0.076 pi_kl 0.045 pi_h 0.264
200/400-(0.000): Train nll PPL 3.805 mi 0.082 pi_kl 0.049 pi_h 0.249
300/400-(0.000): Train nll PPL 3.703 mi 0.092 pi_kl 0.047 pi_h 0.247
0/400-(0.000): Train nll PPL 3.799 mi 0.098 pi_kl 0.047 pi_h 0.235
Checkpoint step at 2019-12-03 23-49-34
==== Evaluating Model ====
Train nll PPL 3.746 mi 0.087 pi_kl 0.047 pi_h 0.249
done epoch 15 -> 16
Generation: 1 batches
Val nll PPL 3.839 mi 0.116 pi_kl 0.054 pi_h 0.255
Total valid loss = 1.3992965811550027
Test nll PPL 3.807 mi 0.119 pi_kl 0.056 pi_h 0.257
Total valid loss = 1.3929219643274944
Update patience to 32.0
!!Model Saved with loss = 1.3992965811550027,at 2019-12-03 23-49-36.

***** Epoch 16/100 *****
100/400-(0.000): Train nll PPL 3.756 mi 0.100 pi_kl 0.047 pi_h 0.228
200/400-(0.000): Train nll PPL 3.641 mi 0.106 pi_kl 0.045 pi_h 0.229
300/400-(0.000): Train nll PPL 3.534 mi 0.102 pi_kl 0.047 pi_h 0.224
0/400-(0.000): Train nll PPL 3.516 mi 0.113 pi_kl 0.051 pi_h 0.223
Checkpoint step at 2019-12-03 23-49-52
==== Evaluating Model ====
Train nll PPL 3.611 mi 0.105 pi_kl 0.048 pi_h 0.226
done epoch 16 -> 17
Generation: 1 batches
Val nll PPL 3.791 mi 0.120 pi_kl 0.058 pi_h 0.256
Total valid loss = 1.3905023401326473
Test nll PPL 3.748 mi 0.123 pi_kl 0.060 pi_h 0.257
Total valid loss = 1.3815910990039508
Update patience to 34.0
!!Model Saved with loss = 1.3905023401326473,at 2019-12-03 23-49-54.

***** Epoch 17/100 *****
100/400-(0.000): Train nll PPL 3.502 mi 0.107 pi_kl 0.046 pi_h 0.215
200/400-(0.000): Train nll PPL 3.498 mi 0.112 pi_kl 0.050 pi_h 0.219
300/400-(0.000): Train nll PPL 3.563 mi 0.103 pi_kl 0.047 pi_h 0.220
0/400-(0.000): Train nll PPL 3.744 mi 0.100 pi_kl 0.046 pi_h 0.197
Checkpoint step at 2019-12-03 23-50-09
==== Evaluating Model ====
Train nll PPL 3.575 mi 0.105 pi_kl 0.047 pi_h 0.213
done epoch 17 -> 18
Generation: 1 batches
Val nll PPL 3.762 mi 0.107 pi_kl 0.053 pi_h 0.211
Total valid loss = 1.3776799363665062
Test nll PPL 3.714 mi 0.108 pi_kl 0.054 pi_h 0.212
Total valid loss = 1.3661289817343156
Update patience to 36.0
!!Model Saved with loss = 1.3776799363665062,at 2019-12-03 23-50-11.

***** Epoch 18/100 *****
100/400-(0.000): Train nll PPL 3.499 mi 0.105 pi_kl 0.047 pi_h 0.211
200/400-(0.000): Train nll PPL 3.504 mi 0.103 pi_kl 0.046 pi_h 0.201
300/400-(0.000): Train nll PPL 3.553 mi 0.101 pi_kl 0.048 pi_h 0.196
0/400-(0.000): Train nll PPL 3.546 mi 0.103 pi_kl 0.050 pi_h 0.202
Checkpoint step at 2019-12-03 23-50-27
==== Evaluating Model ====
Train nll PPL 3.525 mi 0.103 pi_kl 0.047 pi_h 0.202
done epoch 18 -> 19
Generation: 1 batches
Val nll PPL 3.734 mi 0.109 pi_kl 0.054 pi_h 0.223
Total valid loss = 1.3713971022332068
Test nll PPL 3.704 mi 0.111 pi_kl 0.056 pi_h 0.224
Total valid loss = 1.3652902121345203
Update patience to 38.0
!!Model Saved with loss = 1.3713971022332068,at 2019-12-03 23-50-29.

***** Epoch 19/100 *****
100/400-(0.000): Train nll PPL 3.413 mi 0.101 pi_kl 0.046 pi_h 0.194
200/400-(0.000): Train nll PPL 3.356 mi 0.100 pi_kl 0.047 pi_h 0.199
300/400-(0.000): Train nll PPL 3.408 mi 0.103 pi_kl 0.049 pi_h 0.204
0/400-(0.000): Train nll PPL 3.382 mi 0.099 pi_kl 0.048 pi_h 0.196
Checkpoint step at 2019-12-03 23-50-45
==== Evaluating Model ====
Train nll PPL 3.390 mi 0.101 pi_kl 0.047 pi_h 0.198
done epoch 19 -> 20
Generation: 1 batches
Val nll PPL 3.697 mi 0.109 pi_kl 0.050 pi_h 0.209
Total valid loss = 1.357704507242335
Test nll PPL 3.655 mi 0.112 pi_kl 0.054 pi_h 0.212
Total valid loss = 1.3496563658118248
Update patience to 40.0
!!Model Saved with loss = 1.357704507242335,at 2019-12-03 23-50-47.

***** Epoch 20/100 *****
100/400-(0.000): Train nll PPL 3.432 mi 0.097 pi_kl 0.047 pi_h 0.194
200/400-(0.000): Train nll PPL 3.392 mi 0.100 pi_kl 0.047 pi_h 0.193
300/400-(0.000): Train nll PPL 3.534 mi 0.096 pi_kl 0.046 pi_h 0.185
0/400-(0.000): Train nll PPL 3.293 mi 0.099 pi_kl 0.049 pi_h 0.186
Checkpoint step at 2019-12-03 23-51-03
==== Evaluating Model ====
Train nll PPL 3.412 mi 0.098 pi_kl 0.047 pi_h 0.190
done epoch 20 -> 21
Generation: 1 batches
Val nll PPL 3.694 mi 0.126 pi_kl 0.064 pi_h 0.225
Total valid loss = 1.3707874794997792
Test nll PPL 3.643 mi 0.130 pi_kl 0.067 pi_h 0.229
Total valid loss = 1.3598472196608782

***** Epoch 21/100 *****
100/400-(0.000): Train nll PPL 3.598 mi 0.096 pi_kl 0.049 pi_h 0.185
200/400-(0.000): Train nll PPL 3.275 mi 0.098 pi_kl 0.046 pi_h 0.183
300/400-(0.000): Train nll PPL 3.329 mi 0.100 pi_kl 0.049 pi_h 0.187
0/400-(0.000): Train nll PPL 3.210 mi 0.101 pi_kl 0.049 pi_h 0.185
Checkpoint step at 2019-12-03 23-51-20
==== Evaluating Model ====
Train nll PPL 3.350 mi 0.099 pi_kl 0.048 pi_h 0.185
done epoch 21 -> 22
Generation: 1 batches
Val nll PPL 3.636 mi 0.105 pi_kl 0.055 pi_h 0.190
Total valid loss = 1.346061904241543
Test nll PPL 3.571 mi 0.108 pi_kl 0.058 pi_h 0.193
Total valid loss = 1.3305268933375676
Update patience to 44.0
!!Model Saved with loss = 1.346061904241543,at 2019-12-03 23-51-22.

***** Epoch 22/100 *****
100/400-(0.000): Train nll PPL 3.325 mi 0.100 pi_kl 0.049 pi_h 0.179
200/400-(0.000): Train nll PPL 3.358 mi 0.097 pi_kl 0.049 pi_h 0.178
300/400-(0.000): Train nll PPL 3.287 mi 0.101 pi_kl 0.050 pi_h 0.180
0/400-(0.000): Train nll PPL 3.330 mi 0.101 pi_kl 0.049 pi_h 0.182
Checkpoint step at 2019-12-03 23-51-38
==== Evaluating Model ====
Train nll PPL 3.325 mi 0.099 pi_kl 0.049 pi_h 0.180
done epoch 22 -> 23
Generation: 1 batches
Val nll PPL 3.581 mi 0.105 pi_kl 0.053 pi_h 0.190
Total valid loss = 1.3284168497170552
Test nll PPL 3.545 mi 0.107 pi_kl 0.055 pi_h 0.193
Total valid loss = 1.3203546181321144
Update patience to 46.0
!!Model Saved with loss = 1.3284168497170552,at 2019-12-03 23-51-40.

***** Epoch 23/100 *****
100/400-(0.000): Train nll PPL 3.424 mi 0.095 pi_kl 0.047 pi_h 0.170
200/400-(0.000): Train nll PPL 3.216 mi 0.107 pi_kl 0.053 pi_h 0.181
300/400-(0.000): Train nll PPL 3.267 mi 0.101 pi_kl 0.051 pi_h 0.177
0/400-(0.000): Train nll PPL 3.167 mi 0.100 pi_kl 0.049 pi_h 0.177
Checkpoint step at 2019-12-03 23-51-56
==== Evaluating Model ====
Train nll PPL 3.267 mi 0.100 pi_kl 0.050 pi_h 0.176
done epoch 23 -> 24
Generation: 1 batches
Val nll PPL 3.635 mi 0.105 pi_kl 0.053 pi_h 0.185
Total valid loss = 1.3436541197323564
Test nll PPL 3.577 mi 0.107 pi_kl 0.055 pi_h 0.188
Total valid loss = 1.3294071275740862

***** Epoch 24/100 *****
100/400-(0.000): Train nll PPL 3.175 mi 0.102 pi_kl 0.052 pi_h 0.182
200/400-(0.000): Train nll PPL 3.179 mi 0.101 pi_kl 0.050 pi_h 0.176
300/400-(0.000): Train nll PPL 3.250 mi 0.105 pi_kl 0.053 pi_h 0.182
0/400-(0.000): Train nll PPL 3.167 mi 0.103 pi_kl 0.051 pi_h 0.177
Checkpoint step at 2019-12-03 23-52-13
==== Evaluating Model ====
Train nll PPL 3.193 mi 0.103 pi_kl 0.052 pi_h 0.179
done epoch 24 -> 25
Generation: 1 batches
Val nll PPL 3.555 mi 0.111 pi_kl 0.056 pi_h 0.194
Total valid loss = 1.3241174828888167
Test nll PPL 3.506 mi 0.112 pi_kl 0.058 pi_h 0.196
Total valid loss = 1.3124591031422217
!!Model Saved with loss = 1.3241174828888167,at 2019-12-03 23-52-15.

***** Epoch 25/100 *****
100/400-(0.000): Train nll PPL 3.281 mi 0.098 pi_kl 0.049 pi_h 0.171
200/400-(0.000): Train nll PPL 3.215 mi 0.101 pi_kl 0.052 pi_h 0.180
300/400-(0.000): Train nll PPL 3.308 mi 0.097 pi_kl 0.051 pi_h 0.172
0/400-(0.000): Train nll PPL 3.251 mi 0.102 pi_kl 0.053 pi_h 0.173
Checkpoint step at 2019-12-03 23-52-31
==== Evaluating Model ====
Train nll PPL 3.263 mi 0.100 pi_kl 0.051 pi_h 0.174
done epoch 25 -> 26
Generation: 1 batches
Val nll PPL 3.507 mi 0.119 pi_kl 0.064 pi_h 0.203
Total valid loss = 1.3189782995988828
Test nll PPL 3.462 mi 0.120 pi_kl 0.066 pi_h 0.205
Total valid loss = 1.3083189576864243
Update patience to 52.0
!!Model Saved with loss = 1.3189782995988828,at 2019-12-03 23-52-33.

***** Epoch 26/100 *****
100/400-(0.000): Train nll PPL 3.057 mi 0.097 pi_kl 0.049 pi_h 0.163
200/400-(0.000): Train nll PPL 3.173 mi 0.102 pi_kl 0.051 pi_h 0.173
300/400-(0.000): Train nll PPL 3.120 mi 0.098 pi_kl 0.050 pi_h 0.164
0/400-(0.000): Train nll PPL 3.132 mi 0.101 pi_kl 0.051 pi_h 0.165
Checkpoint step at 2019-12-03 23-52-49
==== Evaluating Model ====
Train nll PPL 3.120 mi 0.099 pi_kl 0.050 pi_h 0.166
done epoch 26 -> 27
Generation: 1 batches
Val nll PPL 3.510 mi 0.107 pi_kl 0.055 pi_h 0.190
Total valid loss = 1.310801887866294
Test nll PPL 3.472 mi 0.110 pi_kl 0.057 pi_h 0.192
Total valid loss = 1.3014614079147577
Update patience to 54.0
!!Model Saved with loss = 1.310801887866294,at 2019-12-03 23-52-51.

***** Epoch 27/100 *****
100/400-(0.000): Train nll PPL 3.105 mi 0.100 pi_kl 0.054 pi_h 0.175
200/400-(0.000): Train nll PPL 3.120 mi 0.101 pi_kl 0.049 pi_h 0.167
300/400-(0.000): Train nll PPL 3.084 mi 0.099 pi_kl 0.049 pi_h 0.167
0/400-(0.000): Train nll PPL 3.239 mi 0.100 pi_kl 0.050 pi_h 0.162
Checkpoint step at 2019-12-03 23-53-07
==== Evaluating Model ====
Train nll PPL 3.137 mi 0.100 pi_kl 0.050 pi_h 0.168
done epoch 27 -> 28
Generation: 1 batches
Val nll PPL 3.497 mi 0.105 pi_kl 0.056 pi_h 0.169
Total valid loss = 1.307717818434876
Test nll PPL 3.458 mi 0.107 pi_kl 0.058 pi_h 0.170
Total valid loss = 1.2986463233828545
!!Model Saved with loss = 1.307717818434876,at 2019-12-03 23-53-09.

***** Epoch 28/100 *****
100/400-(0.000): Train nll PPL 3.174 mi 0.097 pi_kl 0.051 pi_h 0.163
200/400-(0.000): Train nll PPL 3.069 mi 0.103 pi_kl 0.054 pi_h 0.168
300/400-(0.000): Train nll PPL 3.031 mi 0.103 pi_kl 0.053 pi_h 0.166
0/400-(0.000): Train nll PPL 2.971 mi 0.105 pi_kl 0.053 pi_h 0.167
Checkpoint step at 2019-12-03 23-53-24
==== Evaluating Model ====
Train nll PPL 3.060 mi 0.102 pi_kl 0.053 pi_h 0.166
done epoch 28 -> 29
Generation: 1 batches
Val nll PPL 3.536 mi 0.102 pi_kl 0.052 pi_h 0.161
Total valid loss = 1.3154592868125086
Test nll PPL 3.484 mi 0.105 pi_kl 0.055 pi_h 0.163
Total valid loss = 1.303033297881484

***** Epoch 29/100 *****
100/400-(0.000): Train nll PPL 3.073 mi 0.101 pi_kl 0.052 pi_h 0.161
200/400-(0.000): Train nll PPL 3.064 mi 0.103 pi_kl 0.053 pi_h 0.171
300/400-(0.000): Train nll PPL 3.117 mi 0.098 pi_kl 0.049 pi_h 0.161
0/400-(0.000): Train nll PPL 3.070 mi 0.098 pi_kl 0.049 pi_h 0.159
Checkpoint step at 2019-12-03 23-53-42
==== Evaluating Model ====
Train nll PPL 3.081 mi 0.100 pi_kl 0.051 pi_h 0.163
done epoch 29 -> 30
Generation: 1 batches
Val nll PPL 3.478 mi 0.104 pi_kl 0.056 pi_h 0.171
Total valid loss = 1.3019333015574086
Test nll PPL 3.445 mi 0.106 pi_kl 0.057 pi_h 0.172
Total valid loss = 1.293442791948716
Update patience to 60.0
!!Model Saved with loss = 1.3019333015574086,at 2019-12-03 23-53-44.

***** Epoch 30/100 *****
100/400-(0.000): Train nll PPL 3.052 mi 0.104 pi_kl 0.052 pi_h 0.167
200/400-(0.000): Train nll PPL 3.118 mi 0.100 pi_kl 0.049 pi_h 0.165
300/400-(0.000): Train nll PPL 3.112 mi 0.100 pi_kl 0.050 pi_h 0.160
0/400-(0.000): Train nll PPL 2.897 mi 0.105 pi_kl 0.054 pi_h 0.165
Checkpoint step at 2019-12-03 23-54-00
==== Evaluating Model ====
Train nll PPL 3.043 mi 0.102 pi_kl 0.051 pi_h 0.164
done epoch 30 -> 31
Generation: 1 batches
Val nll PPL 3.524 mi 0.107 pi_kl 0.055 pi_h 0.165
Total valid loss = 1.3145253841239628
Test nll PPL 3.530 mi 0.109 pi_kl 0.057 pi_h 0.167
Total valid loss = 1.318000768000881

***** Epoch 31/100 *****
100/400-(0.000): Train nll PPL 3.054 mi 0.099 pi_kl 0.050 pi_h 0.157
200/400-(0.000): Train nll PPL 2.903 mi 0.100 pi_kl 0.051 pi_h 0.156
300/400-(0.000): Train nll PPL 2.996 mi 0.100 pi_kl 0.052 pi_h 0.155
0/400-(0.000): Train nll PPL 3.014 mi 0.102 pi_kl 0.053 pi_h 0.157
Checkpoint step at 2019-12-03 23-54-17
==== Evaluating Model ====
Train nll PPL 2.991 mi 0.100 pi_kl 0.051 pi_h 0.156
done epoch 31 -> 32
Generation: 1 batches
Val nll PPL 3.447 mi 0.107 pi_kl 0.057 pi_h 0.169
Total valid loss = 1.2943294018802076
Test nll PPL 3.430 mi 0.109 pi_kl 0.058 pi_h 0.171
Total valid loss = 1.2909022811800241
Update patience to 64.0
!!Model Saved with loss = 1.2943294018802076,at 2019-12-03 23-54-20.

***** Epoch 32/100 *****
100/400-(0.000): Train nll PPL 3.016 mi 0.099 pi_kl 0.051 pi_h 0.155
200/400-(0.000): Train nll PPL 2.965 mi 0.097 pi_kl 0.050 pi_h 0.153
300/400-(0.000): Train nll PPL 3.095 mi 0.101 pi_kl 0.054 pi_h 0.161
0/400-(0.000): Train nll PPL 3.102 mi 0.100 pi_kl 0.053 pi_h 0.153
Checkpoint step at 2019-12-03 23-54-35
==== Evaluating Model ====
Train nll PPL 3.044 mi 0.099 pi_kl 0.052 pi_h 0.156
done epoch 32 -> 33
Generation: 1 batches
Val nll PPL 3.483 mi 0.114 pi_kl 0.066 pi_h 0.179
Total valid loss = 1.313500976208413
Test nll PPL 3.450 mi 0.116 pi_kl 0.068 pi_h 0.180
Total valid loss = 1.3064807659635942

***** Epoch 33/100 *****
100/400-(0.000): Train nll PPL 2.941 mi 0.101 pi_kl 0.053 pi_h 0.157
200/400-(0.000): Train nll PPL 2.964 mi 0.104 pi_kl 0.055 pi_h 0.160
300/400-(0.000): Train nll PPL 2.920 mi 0.101 pi_kl 0.052 pi_h 0.158
0/400-(0.000): Train nll PPL 2.909 mi 0.106 pi_kl 0.054 pi_h 0.163
Checkpoint step at 2019-12-03 23-54-53
==== Evaluating Model ====
Train nll PPL 2.934 mi 0.103 pi_kl 0.054 pi_h 0.159
done epoch 33 -> 34
Generation: 1 batches
Val nll PPL 3.422 mi 0.103 pi_kl 0.052 pi_h 0.152
Total valid loss = 1.281979243354042
Test nll PPL 3.390 mi 0.105 pi_kl 0.054 pi_h 0.154
Total valid loss = 1.274844820300738
Update patience to 68.0
!!Model Saved with loss = 1.281979243354042,at 2019-12-03 23-54-55.

***** Epoch 34/100 *****
100/400-(0.000): Train nll PPL 2.947 mi 0.102 pi_kl 0.050 pi_h 0.145
200/400-(0.000): Train nll PPL 2.931 mi 0.102 pi_kl 0.056 pi_h 0.152
300/400-(0.000): Train nll PPL 2.948 mi 0.101 pi_kl 0.052 pi_h 0.155
0/400-(0.000): Train nll PPL 2.991 mi 0.102 pi_kl 0.054 pi_h 0.151
Checkpoint step at 2019-12-03 23-55-11
==== Evaluating Model ====
Train nll PPL 2.954 mi 0.102 pi_kl 0.053 pi_h 0.151
done epoch 34 -> 35
Generation: 1 batches
Val nll PPL 3.389 mi 0.104 pi_kl 0.054 pi_h 0.155
Total valid loss = 1.2746744397843237
Test nll PPL 3.348 mi 0.106 pi_kl 0.055 pi_h 0.156
Total valid loss = 1.2635008580982685
Update patience to 70.0
!!Model Saved with loss = 1.2746744397843237,at 2019-12-03 23-55-13.

***** Epoch 35/100 *****
100/400-(0.000): Train nll PPL 2.961 mi 0.098 pi_kl 0.050 pi_h 0.150
200/400-(0.000): Train nll PPL 3.038 mi 0.099 pi_kl 0.052 pi_h 0.149
300/400-(0.000): Train nll PPL 2.855 mi 0.103 pi_kl 0.054 pi_h 0.158
0/400-(0.000): Train nll PPL 2.878 mi 0.099 pi_kl 0.051 pi_h 0.149
Checkpoint step at 2019-12-03 23-55-28
==== Evaluating Model ====
Train nll PPL 2.932 mi 0.100 pi_kl 0.051 pi_h 0.151
done epoch 35 -> 36
Generation: 1 batches
Val nll PPL 3.408 mi 0.113 pi_kl 0.063 pi_h 0.174
Total valid loss = 1.2890718443558948
Test nll PPL 3.380 mi 0.115 pi_kl 0.065 pi_h 0.177
Total valid loss = 1.2824632339179516

***** Epoch 36/100 *****
100/400-(0.000): Train nll PPL 2.929 mi 0.101 pi_kl 0.053 pi_h 0.157
200/400-(0.000): Train nll PPL 2.890 mi 0.098 pi_kl 0.051 pi_h 0.148
300/400-(0.000): Train nll PPL 2.831 mi 0.101 pi_kl 0.054 pi_h 0.153
0/400-(0.000): Train nll PPL 2.989 mi 0.100 pi_kl 0.051 pi_h 0.149
Checkpoint step at 2019-12-03 23-55-46
==== Evaluating Model ====
Train nll PPL 2.909 mi 0.100 pi_kl 0.052 pi_h 0.152
done epoch 36 -> 37
Generation: 1 batches
Val nll PPL 3.421 mi 0.120 pi_kl 0.068 pi_h 0.177
Total valid loss = 1.2983582379794356
Test nll PPL 3.386 mi 0.122 pi_kl 0.072 pi_h 0.181
Total valid loss = 1.2914832203338544

***** Epoch 37/100 *****
100/400-(0.000): Train nll PPL 2.948 mi 0.101 pi_kl 0.054 pi_h 0.151
200/400-(0.000): Train nll PPL 2.810 mi 0.103 pi_kl 0.054 pi_h 0.152
300/400-(0.000): Train nll PPL 2.918 mi 0.098 pi_kl 0.050 pi_h 0.145
0/400-(0.000): Train nll PPL 2.826 mi 0.099 pi_kl 0.051 pi_h 0.147
Checkpoint step at 2019-12-03 23-56-04
==== Evaluating Model ====
Train nll PPL 2.875 mi 0.101 pi_kl 0.052 pi_h 0.149
done epoch 37 -> 38
Generation: 1 batches
Val nll PPL 3.377 mi 0.108 pi_kl 0.057 pi_h 0.162
Total valid loss = 1.27457858430277
Test nll PPL 3.344 mi 0.109 pi_kl 0.059 pi_h 0.163
Total valid loss = 1.2659587034334738
!!Model Saved with loss = 1.27457858430277,at 2019-12-03 23-56-06.

***** Epoch 38/100 *****
100/400-(0.000): Train nll PPL 2.785 mi 0.103 pi_kl 0.052 pi_h 0.153
200/400-(0.000): Train nll PPL 2.803 mi 0.105 pi_kl 0.057 pi_h 0.153
300/400-(0.000): Train nll PPL 2.794 mi 0.099 pi_kl 0.052 pi_h 0.146
0/400-(0.000): Train nll PPL 2.843 mi 0.099 pi_kl 0.051 pi_h 0.147
Checkpoint step at 2019-12-03 23-56-21
==== Evaluating Model ====
Train nll PPL 2.806 mi 0.101 pi_kl 0.053 pi_h 0.150
done epoch 38 -> 39
Generation: 1 batches
Val nll PPL 3.403 mi 0.106 pi_kl 0.057 pi_h 0.153
Total valid loss = 1.2814884044156216
Test nll PPL 3.363 mi 0.109 pi_kl 0.059 pi_h 0.154
Total valid loss = 1.2718112443884213

***** Epoch 39/100 *****
100/400-(0.000): Train nll PPL 2.936 mi 0.104 pi_kl 0.054 pi_h 0.151
200/400-(0.000): Train nll PPL 2.997 mi 0.099 pi_kl 0.052 pi_h 0.147
300/400-(0.000): Train nll PPL 2.865 mi 0.100 pi_kl 0.053 pi_h 0.151
0/400-(0.000): Train nll PPL 2.875 mi 0.100 pi_kl 0.055 pi_h 0.146
Checkpoint step at 2019-12-03 23-56-39
==== Evaluating Model ====
Train nll PPL 2.918 mi 0.101 pi_kl 0.054 pi_h 0.149
done epoch 39 -> 40
Generation: 1 batches
Val nll PPL 3.347 mi 0.132 pi_kl 0.078 pi_h 0.197
Total valid loss = 1.2859683461708598
Test nll PPL 3.318 mi 0.133 pi_kl 0.079 pi_h 0.197
Total valid loss = 1.278663634012143

***** Epoch 40/100 *****
100/400-(0.000): Train nll PPL 2.837 mi 0.105 pi_kl 0.056 pi_h 0.150
200/400-(0.000): Train nll PPL 2.710 mi 0.099 pi_kl 0.053 pi_h 0.142
300/400-(0.000): Train nll PPL 2.773 mi 0.103 pi_kl 0.054 pi_h 0.148
0/400-(0.000): Train nll PPL 2.816 mi 0.104 pi_kl 0.057 pi_h 0.155
Checkpoint step at 2019-12-03 23-56-57
==== Evaluating Model ====
Train nll PPL 2.784 mi 0.103 pi_kl 0.055 pi_h 0.149
done epoch 40 -> 41
Generation: 1 batches
Val nll PPL 3.364 mi 0.113 pi_kl 0.064 pi_h 0.164
Total valid loss = 1.2767025586402063
Test nll PPL 3.318 mi 0.114 pi_kl 0.065 pi_h 0.164
Total valid loss = 1.2646269450585048

***** Epoch 41/100 *****
100/400-(0.000): Train nll PPL 2.716 mi 0.099 pi_kl 0.052 pi_h 0.146
200/400-(0.000): Train nll PPL 2.832 mi 0.098 pi_kl 0.051 pi_h 0.142
300/400-(0.000): Train nll PPL 2.814 mi 0.103 pi_kl 0.054 pi_h 0.145
0/400-(0.000): Train nll PPL 2.920 mi 0.102 pi_kl 0.057 pi_h 0.147
Checkpoint step at 2019-12-03 23-57-15
==== Evaluating Model ====
Train nll PPL 2.819 mi 0.101 pi_kl 0.054 pi_h 0.145
done epoch 41 -> 42
Generation: 1 batches
Val nll PPL 3.352 mi 0.124 pi_kl 0.074 pi_h 0.179
Total valid loss = 1.2835414102762053
Test nll PPL 3.280 mi 0.125 pi_kl 0.076 pi_h 0.179
Total valid loss = 1.2638664903740089

***** Epoch 42/100 *****
100/400-(0.000): Train nll PPL 2.867 mi 0.103 pi_kl 0.057 pi_h 0.148
200/400-(0.000): Train nll PPL 2.902 mi 0.102 pi_kl 0.055 pi_h 0.141
300/400-(0.000): Train nll PPL 2.726 mi 0.102 pi_kl 0.056 pi_h 0.142
0/400-(0.000): Train nll PPL 2.754 mi 0.102 pi_kl 0.056 pi_h 0.147
Checkpoint step at 2019-12-03 23-57-32
==== Evaluating Model ====
Train nll PPL 2.811 mi 0.102 pi_kl 0.056 pi_h 0.145
done epoch 42 -> 43
Generation: 1 batches
Val nll PPL 3.336 mi 0.104 pi_kl 0.057 pi_h 0.152
Total valid loss = 1.26185807556209
Test nll PPL 3.280 mi 0.106 pi_kl 0.059 pi_h 0.153
Total valid loss = 1.2465932350605726
Update patience to 86.0
!!Model Saved with loss = 1.26185807556209,at 2019-12-03 23-57-34.

***** Epoch 43/100 *****
100/400-(0.000): Train nll PPL 2.744 mi 0.102 pi_kl 0.055 pi_h 0.145
200/400-(0.000): Train nll PPL 2.762 mi 0.100 pi_kl 0.051 pi_h 0.142
300/400-(0.000): Train nll PPL 2.838 mi 0.107 pi_kl 0.059 pi_h 0.150
0/400-(0.000): Train nll PPL 2.755 mi 0.103 pi_kl 0.055 pi_h 0.148
Checkpoint step at 2019-12-03 23-57-50
==== Evaluating Model ====
Train nll PPL 2.775 mi 0.103 pi_kl 0.055 pi_h 0.146
done epoch 43 -> 44
Generation: 1 batches
Val nll PPL 3.339 mi 0.108 pi_kl 0.060 pi_h 0.153
Total valid loss = 1.2651841410315863
Test nll PPL 3.289 mi 0.110 pi_kl 0.062 pi_h 0.156
Total valid loss = 1.252205594132344

***** Epoch 44/100 *****
100/400-(0.000): Train nll PPL 2.683 mi 0.096 pi_kl 0.049 pi_h 0.138
200/400-(0.000): Train nll PPL 2.828 mi 0.101 pi_kl 0.054 pi_h 0.140
300/400-(0.000): Train nll PPL 2.842 mi 0.100 pi_kl 0.054 pi_h 0.146
0/400-(0.000): Train nll PPL 2.759 mi 0.102 pi_kl 0.052 pi_h 0.144
Checkpoint step at 2019-12-03 23-58-08
==== Evaluating Model ====
Train nll PPL 2.777 mi 0.100 pi_kl 0.052 pi_h 0.142
done epoch 44 -> 45
Generation: 1 batches
Val nll PPL 3.338 mi 0.110 pi_kl 0.060 pi_h 0.156
Total valid loss = 1.2653078991587798
Test nll PPL 3.296 mi 0.111 pi_kl 0.062 pi_h 0.157
Total valid loss = 1.254607707882921

***** Epoch 45/100 *****
100/400-(0.000): Train nll PPL 2.645 mi 0.103 pi_kl 0.054 pi_h 0.145
200/400-(0.000): Train nll PPL 2.756 mi 0.106 pi_kl 0.054 pi_h 0.149
300/400-(0.000): Train nll PPL 2.730 mi 0.105 pi_kl 0.056 pi_h 0.148
0/400-(0.000): Train nll PPL 2.654 mi 0.103 pi_kl 0.054 pi_h 0.147
Checkpoint step at 2019-12-03 23-58-25
==== Evaluating Model ====
Train nll PPL 2.696 mi 0.104 pi_kl 0.055 pi_h 0.147
done epoch 45 -> 46
Generation: 1 batches
Val nll PPL 3.318 mi 0.105 pi_kl 0.056 pi_h 0.146
Total valid loss = 1.2556602500452854
Test nll PPL 3.277 mi 0.106 pi_kl 0.058 pi_h 0.147
Total valid loss = 1.2450970814873774
Update patience to 92.0
!!Model Saved with loss = 1.2556602500452854,at 2019-12-03 23-58-28.

***** Epoch 46/100 *****
100/400-(0.000): Train nll PPL 2.791 mi 0.106 pi_kl 0.057 pi_h 0.148
200/400-(0.000): Train nll PPL 2.760 mi 0.105 pi_kl 0.055 pi_h 0.142
300/400-(0.000): Train nll PPL 2.705 mi 0.102 pi_kl 0.054 pi_h 0.140
0/400-(0.000): Train nll PPL 2.729 mi 0.100 pi_kl 0.053 pi_h 0.138
Checkpoint step at 2019-12-03 23-58-43
==== Evaluating Model ====
Train nll PPL 2.746 mi 0.103 pi_kl 0.055 pi_h 0.142
done epoch 46 -> 47
Generation: 1 batches
Val nll PPL 3.306 mi 0.113 pi_kl 0.062 pi_h 0.155
Total valid loss = 1.2576730841457253
Test nll PPL 3.262 mi 0.114 pi_kl 0.064 pi_h 0.156
Total valid loss = 1.2463569585233927

***** Epoch 47/100 *****
100/400-(0.000): Train nll PPL 2.789 mi 0.105 pi_kl 0.056 pi_h 0.141
200/400-(0.000): Train nll PPL 2.629 mi 0.101 pi_kl 0.053 pi_h 0.140
300/400-(0.000): Train nll PPL 2.634 mi 0.102 pi_kl 0.054 pi_h 0.142
0/400-(0.000): Train nll PPL 2.716 mi 0.102 pi_kl 0.056 pi_h 0.141
Checkpoint step at 2019-12-03 23-59-01
==== Evaluating Model ====
Train nll PPL 2.691 mi 0.103 pi_kl 0.055 pi_h 0.141
done epoch 47 -> 48
Generation: 1 batches
Val nll PPL 3.302 mi 0.119 pi_kl 0.070 pi_h 0.165
Total valid loss = 1.2647668949448236
Test nll PPL 3.236 mi 0.121 pi_kl 0.072 pi_h 0.166
Total valid loss = 1.2461073311666648

***** Epoch 48/100 *****
100/400-(0.000): Train nll PPL 2.666 mi 0.103 pi_kl 0.054 pi_h 0.137
200/400-(0.000): Train nll PPL 2.660 mi 0.102 pi_kl 0.057 pi_h 0.138
300/400-(0.000): Train nll PPL 2.769 mi 0.106 pi_kl 0.061 pi_h 0.144
0/400-(0.000): Train nll PPL 2.724 mi 0.105 pi_kl 0.057 pi_h 0.143
Checkpoint step at 2019-12-03 23-59-19
==== Evaluating Model ====
Train nll PPL 2.704 mi 0.104 pi_kl 0.057 pi_h 0.141
done epoch 48 -> 49
Generation: 1 batches
Val nll PPL 3.315 mi 0.103 pi_kl 0.055 pi_h 0.133
Total valid loss = 1.2533833986461753
Test nll PPL 3.286 mi 0.105 pi_kl 0.057 pi_h 0.134
Total valid loss = 1.2469231026868026
!!Model Saved with loss = 1.2533833986461753,at 2019-12-03 23-59-21.

***** Epoch 49/100 *****
100/400-(0.000): Train nll PPL 2.739 mi 0.102 pi_kl 0.054 pi_h 0.136
200/400-(0.000): Train nll PPL 2.798 mi 0.104 pi_kl 0.055 pi_h 0.139
300/400-(0.000): Train nll PPL 2.626 mi 0.104 pi_kl 0.057 pi_h 0.141
0/400-(0.000): Train nll PPL 2.618 mi 0.104 pi_kl 0.055 pi_h 0.134
Checkpoint step at 2019-12-03 23-59-36
==== Evaluating Model ====
Train nll PPL 2.694 mi 0.104 pi_kl 0.055 pi_h 0.137
done epoch 49 -> 50
Generation: 1 batches
Val nll PPL 3.282 mi 0.112 pi_kl 0.065 pi_h 0.151
Total valid loss = 1.2538852172322792
Test nll PPL 3.244 mi 0.113 pi_kl 0.067 pi_h 0.152
Total valid loss = 1.2436221167445183

***** Epoch 50/100 *****
100/400-(0.000): Train nll PPL 2.617 mi 0.102 pi_kl 0.056 pi_h 0.135
200/400-(0.000): Train nll PPL 2.624 mi 0.106 pi_kl 0.056 pi_h 0.140
300/400-(0.000): Train nll PPL 2.663 mi 0.108 pi_kl 0.059 pi_h 0.143
0/400-(0.000): Train nll PPL 2.671 mi 0.103 pi_kl 0.059 pi_h 0.142
Checkpoint step at 2019-12-03 23-59-54
==== Evaluating Model ====
Train nll PPL 2.643 mi 0.105 pi_kl 0.058 pi_h 0.140
done epoch 50 -> 51
Generation: 1 batches
Val nll PPL 3.287 mi 0.109 pi_kl 0.062 pi_h 0.145
Total valid loss = 1.2521242446238452
Test nll PPL 3.255 mi 0.111 pi_kl 0.064 pi_h 0.146
Total valid loss = 1.2436968218535185
!!Model Saved with loss = 1.2521242446238452,at 2019-12-03 23-59-56.

***** Epoch 51/100 *****
100/400-(0.000): Train nll PPL 2.622 mi 0.104 pi_kl 0.055 pi_h 0.136
200/400-(0.000): Train nll PPL 2.708 mi 0.100 pi_kl 0.054 pi_h 0.136
300/400-(0.000): Train nll PPL 2.706 mi 0.099 pi_kl 0.053 pi_h 0.135
0/400-(0.000): Train nll PPL 2.678 mi 0.100 pi_kl 0.052 pi_h 0.132
Checkpoint step at 2019-12-04 00-00-12
==== Evaluating Model ====
Train nll PPL 2.678 mi 0.101 pi_kl 0.054 pi_h 0.135
done epoch 51 -> 52
Generation: 1 batches
Val nll PPL 3.276 mi 0.105 pi_kl 0.057 pi_h 0.137
Total valid loss = 1.2431427877728303
Test nll PPL 3.233 mi 0.106 pi_kl 0.058 pi_h 0.138
Total valid loss = 1.2316743669410546
Update patience to 104.0
!!Model Saved with loss = 1.2431427877728303,at 2019-12-04 00-00-14.

***** Epoch 52/100 *****
100/400-(0.000): Train nll PPL 2.586 mi 0.103 pi_kl 0.054 pi_h 0.137
200/400-(0.000): Train nll PPL 2.561 mi 0.102 pi_kl 0.053 pi_h 0.135
300/400-(0.000): Train nll PPL 2.530 mi 0.104 pi_kl 0.056 pi_h 0.134
0/400-(0.000): Train nll PPL 2.664 mi 0.101 pi_kl 0.055 pi_h 0.131
Checkpoint step at 2019-12-04 00-00-29
==== Evaluating Model ====
Train nll PPL 2.585 mi 0.103 pi_kl 0.055 pi_h 0.134
done epoch 52 -> 53
Generation: 1 batches
Val nll PPL 3.302 mi 0.114 pi_kl 0.065 pi_h 0.142
Total valid loss = 1.259851640994006
Test nll PPL 3.251 mi 0.114 pi_kl 0.067 pi_h 0.143
Total valid loss = 1.2459520834187667

***** Epoch 53/100 *****
100/400-(0.000): Train nll PPL 2.635 mi 0.105 pi_kl 0.059 pi_h 0.135
200/400-(0.000): Train nll PPL 2.676 mi 0.106 pi_kl 0.057 pi_h 0.137
300/400-(0.000): Train nll PPL 2.680 mi 0.109 pi_kl 0.057 pi_h 0.142
0/400-(0.000): Train nll PPL 2.674 mi 0.110 pi_kl 0.062 pi_h 0.141
Checkpoint step at 2019-12-04 00-00-47
==== Evaluating Model ====
Train nll PPL 2.666 mi 0.108 pi_kl 0.059 pi_h 0.139
done epoch 53 -> 54
Generation: 1 batches
Val nll PPL 3.274 mi 0.114 pi_kl 0.063 pi_h 0.142
Total valid loss = 1.249656061724861
Test nll PPL 3.230 mi 0.114 pi_kl 0.065 pi_h 0.143
Total valid loss = 1.2373431057979662

***** Epoch 54/100 *****
100/400-(0.000): Train nll PPL 2.698 mi 0.108 pi_kl 0.059 pi_h 0.140
200/400-(0.000): Train nll PPL 2.549 mi 0.105 pi_kl 0.056 pi_h 0.138
300/400-(0.000): Train nll PPL 2.531 mi 0.102 pi_kl 0.055 pi_h 0.132
0/400-(0.000): Train nll PPL 2.554 mi 0.106 pi_kl 0.058 pi_h 0.135
Checkpoint step at 2019-12-04 00-01-05
==== Evaluating Model ====
Train nll PPL 2.582 mi 0.105 pi_kl 0.057 pi_h 0.136
done epoch 54 -> 55
Generation: 1 batches
Val nll PPL 3.291 mi 0.112 pi_kl 0.063 pi_h 0.145
Total valid loss = 1.2543856112083587
Test nll PPL 3.254 mi 0.113 pi_kl 0.065 pi_h 0.147
Total valid loss = 1.2448532010118167

***** Epoch 55/100 *****
100/400-(0.000): Train nll PPL 2.547 mi 0.107 pi_kl 0.057 pi_h 0.137
200/400-(0.000): Train nll PPL 2.623 mi 0.106 pi_kl 0.061 pi_h 0.138
300/400-(0.000): Train nll PPL 2.595 mi 0.104 pi_kl 0.057 pi_h 0.136
0/400-(0.000): Train nll PPL 2.718 mi 0.101 pi_kl 0.055 pi_h 0.130
Checkpoint step at 2019-12-04 00-01-23
==== Evaluating Model ====
Train nll PPL 2.620 mi 0.104 pi_kl 0.057 pi_h 0.135
done epoch 55 -> 56
Generation: 1 batches
Val nll PPL 3.255 mi 0.109 pi_kl 0.062 pi_h 0.137
Total valid loss = 1.2419556869138586
Test nll PPL 3.203 mi 0.109 pi_kl 0.063 pi_h 0.138
Total valid loss = 1.2268117709706228
!!Model Saved with loss = 1.2419556869138586,at 2019-12-04 00-01-25.

***** Epoch 56/100 *****
100/400-(0.000): Train nll PPL 2.625 mi 0.105 pi_kl 0.057 pi_h 0.133
200/400-(0.000): Train nll PPL 2.667 mi 0.103 pi_kl 0.055 pi_h 0.135
300/400-(0.000): Train nll PPL 2.639 mi 0.103 pi_kl 0.056 pi_h 0.133
0/400-(0.000): Train nll PPL 2.528 mi 0.110 pi_kl 0.060 pi_h 0.140
Checkpoint step at 2019-12-04 00-01-40
==== Evaluating Model ====
Train nll PPL 2.614 mi 0.105 pi_kl 0.057 pi_h 0.135
done epoch 56 -> 57
Generation: 1 batches
Val nll PPL 3.267 mi 0.110 pi_kl 0.062 pi_h 0.142
Total valid loss = 1.2456652640116097
Test nll PPL 3.232 mi 0.111 pi_kl 0.062 pi_h 0.143
Total valid loss = 1.2352377933760483

***** Epoch 57/100 *****
100/400-(0.000): Train nll PPL 2.579 mi 0.104 pi_kl 0.057 pi_h 0.135
200/400-(0.000): Train nll PPL 2.578 mi 0.103 pi_kl 0.057 pi_h 0.134
300/400-(0.000): Train nll PPL 2.579 mi 0.105 pi_kl 0.057 pi_h 0.134
0/400-(0.000): Train nll PPL 2.541 mi 0.100 pi_kl 0.055 pi_h 0.129
Checkpoint step at 2019-12-04 00-01-58
==== Evaluating Model ====
Train nll PPL 2.569 mi 0.103 pi_kl 0.056 pi_h 0.133
done epoch 57 -> 58
Generation: 1 batches
Val nll PPL 3.265 mi 0.102 pi_kl 0.054 pi_h 0.127
Total valid loss = 1.2370004954904612
Test nll PPL 3.211 mi 0.103 pi_kl 0.055 pi_h 0.128
Total valid loss = 1.2216487564146519
Update patience to 116.0
!!Model Saved with loss = 1.2370004954904612,at 2019-12-04 00-02-00.

***** Epoch 58/100 *****
100/400-(0.000): Train nll PPL 2.558 mi 0.104 pi_kl 0.056 pi_h 0.132
200/400-(0.000): Train nll PPL 2.618 mi 0.105 pi_kl 0.057 pi_h 0.134
300/400-(0.000): Train nll PPL 2.605 mi 0.101 pi_kl 0.054 pi_h 0.127
0/400-(0.000): Train nll PPL 2.520 mi 0.106 pi_kl 0.058 pi_h 0.136
Checkpoint step at 2019-12-04 00-02-16
==== Evaluating Model ====
Train nll PPL 2.575 mi 0.104 pi_kl 0.056 pi_h 0.132
done epoch 58 -> 59
Generation: 1 batches
Val nll PPL 3.226 mi 0.125 pi_kl 0.074 pi_h 0.165
Total valid loss = 1.2455498871236745
Test nll PPL 3.183 mi 0.126 pi_kl 0.077 pi_h 0.167
Total valid loss = 1.2345345132052898

***** Epoch 59/100 *****
100/400-(0.000): Train nll PPL 2.504 mi 0.106 pi_kl 0.057 pi_h 0.133
200/400-(0.000): Train nll PPL 2.515 mi 0.108 pi_kl 0.060 pi_h 0.137
300/400-(0.000): Train nll PPL 2.511 mi 0.109 pi_kl 0.059 pi_h 0.141
0/400-(0.000): Train nll PPL 2.566 mi 0.104 pi_kl 0.057 pi_h 0.132
Checkpoint step at 2019-12-04 00-02-34
==== Evaluating Model ====
Train nll PPL 2.524 mi 0.107 pi_kl 0.058 pi_h 0.136
done epoch 59 -> 60
Generation: 1 batches
Val nll PPL 3.246 mi 0.119 pi_kl 0.071 pi_h 0.157
Total valid loss = 1.2485226109476373
Test nll PPL 3.222 mi 0.120 pi_kl 0.073 pi_h 0.158
Total valid loss = 1.2429408685614665

***** Epoch 60/100 *****
100/400-(0.000): Train nll PPL 2.578 mi 0.108 pi_kl 0.060 pi_h 0.140
200/400-(0.000): Train nll PPL 2.513 mi 0.103 pi_kl 0.055 pi_h 0.136
300/400-(0.000): Train nll PPL 2.540 mi 0.109 pi_kl 0.060 pi_h 0.135
0/400-(0.000): Train nll PPL 2.623 mi 0.103 pi_kl 0.056 pi_h 0.128
Checkpoint step at 2019-12-04 00-02-51
==== Evaluating Model ====
Train nll PPL 2.563 mi 0.106 pi_kl 0.058 pi_h 0.135
done epoch 60 -> 61
Generation: 1 batches
Val nll PPL 3.221 mi 0.110 pi_kl 0.064 pi_h 0.139
Total valid loss = 1.2333842681186034
Test nll PPL 3.177 mi 0.110 pi_kl 0.065 pi_h 0.139
Total valid loss = 1.2206653133034706
!!Model Saved with loss = 1.2333842681186034,at 2019-12-04 00-02-53.

***** Epoch 61/100 *****
100/400-(0.000): Train nll PPL 2.565 mi 0.104 pi_kl 0.058 pi_h 0.131
200/400-(0.000): Train nll PPL 2.518 mi 0.103 pi_kl 0.056 pi_h 0.130
300/400-(0.000): Train nll PPL 2.419 mi 0.104 pi_kl 0.056 pi_h 0.129
0/400-(0.000): Train nll PPL 2.477 mi 0.103 pi_kl 0.055 pi_h 0.125
Checkpoint step at 2019-12-04 00-03-09
==== Evaluating Model ====
Train nll PPL 2.494 mi 0.104 pi_kl 0.056 pi_h 0.129
done epoch 61 -> 62
Generation: 1 batches
Val nll PPL 3.230 mi 0.108 pi_kl 0.061 pi_h 0.136
Total valid loss = 1.2332666864489565
Test nll PPL 3.168 mi 0.110 pi_kl 0.063 pi_h 0.138
Total valid loss = 1.2158522450675566
!!Model Saved with loss = 1.2332666864489565,at 2019-12-04 00-03-11.

***** Epoch 62/100 *****
100/400-(0.000): Train nll PPL 2.551 mi 0.104 pi_kl 0.058 pi_h 0.131
200/400-(0.000): Train nll PPL 2.489 mi 0.110 pi_kl 0.061 pi_h 0.140
300/400-(0.000): Train nll PPL 2.514 mi 0.104 pi_kl 0.058 pi_h 0.131
0/400-(0.000): Train nll PPL 2.501 mi 0.102 pi_kl 0.054 pi_h 0.128
Checkpoint step at 2019-12-04 00-03-27
==== Evaluating Model ====
Train nll PPL 2.514 mi 0.105 pi_kl 0.058 pi_h 0.132
done epoch 62 -> 63
Generation: 1 batches
Val nll PPL 3.196 mi 0.112 pi_kl 0.062 pi_h 0.139
Total valid loss = 1.2235488690952263
Test nll PPL 3.154 mi 0.113 pi_kl 0.064 pi_h 0.141
Total valid loss = 1.212530945117275
Update patience to 126.0
!!Model Saved with loss = 1.2235488690952263,at 2019-12-04 00-03-29.

***** Epoch 63/100 *****
100/400-(0.000): Train nll PPL 2.515 mi 0.108 pi_kl 0.061 pi_h 0.134
200/400-(0.000): Train nll PPL 2.593 mi 0.107 pi_kl 0.059 pi_h 0.137
300/400-(0.000): Train nll PPL 2.570 mi 0.103 pi_kl 0.056 pi_h 0.133
0/400-(0.000): Train nll PPL 2.434 mi 0.105 pi_kl 0.058 pi_h 0.129
Checkpoint step at 2019-12-04 00-03-45
==== Evaluating Model ====
Train nll PPL 2.527 mi 0.106 pi_kl 0.059 pi_h 0.133
done epoch 63 -> 64
Generation: 1 batches
Val nll PPL 3.261 mi 0.106 pi_kl 0.058 pi_h 0.131
Total valid loss = 1.2405505068231337
Test nll PPL 3.217 mi 0.107 pi_kl 0.060 pi_h 0.132
Total valid loss = 1.2282811179757118

***** Epoch 64/100 *****
100/400-(0.000): Train nll PPL 2.486 mi 0.101 pi_kl 0.054 pi_h 0.125
200/400-(0.000): Train nll PPL 2.464 mi 0.108 pi_kl 0.060 pi_h 0.132
300/400-(0.000): Train nll PPL 2.502 mi 0.106 pi_kl 0.058 pi_h 0.127
0/400-(0.000): Train nll PPL 2.511 mi 0.107 pi_kl 0.057 pi_h 0.130
Checkpoint step at 2019-12-04 00-04-02
==== Evaluating Model ====
Train nll PPL 2.491 mi 0.105 pi_kl 0.057 pi_h 0.129
done epoch 64 -> 65
Generation: 1 batches
Val nll PPL 3.212 mi 0.106 pi_kl 0.057 pi_h 0.129
Total valid loss = 1.2241888842960396
Test nll PPL 3.168 mi 0.106 pi_kl 0.058 pi_h 0.129
Total valid loss = 1.2116463594138622

***** Epoch 65/100 *****
100/400-(0.000): Train nll PPL 2.469 mi 0.099 pi_kl 0.052 pi_h 0.122
200/400-(0.000): Train nll PPL 2.523 mi 0.110 pi_kl 0.062 pi_h 0.136
300/400-(0.000): Train nll PPL 2.479 mi 0.104 pi_kl 0.059 pi_h 0.134
0/400-(0.000): Train nll PPL 2.456 mi 0.104 pi_kl 0.056 pi_h 0.128
Checkpoint step at 2019-12-04 00-04-20
==== Evaluating Model ====
Train nll PPL 2.482 mi 0.104 pi_kl 0.057 pi_h 0.130
done epoch 65 -> 66
Generation: 1 batches
Val nll PPL 3.181 mi 0.120 pi_kl 0.070 pi_h 0.156
Total valid loss = 1.2271313962369863
Test nll PPL 3.134 mi 0.121 pi_kl 0.073 pi_h 0.157
Total valid loss = 1.2148911245167255

***** Epoch 66/100 *****
100/400-(0.000): Train nll PPL 2.460 mi 0.105 pi_kl 0.059 pi_h 0.128
200/400-(0.000): Train nll PPL 2.399 mi 0.102 pi_kl 0.059 pi_h 0.130
300/400-(0.000): Train nll PPL 2.373 mi 0.101 pi_kl 0.055 pi_h 0.124
0/400-(0.000): Train nll PPL 2.402 mi 0.107 pi_kl 0.058 pi_h 0.134
Checkpoint step at 2019-12-04 00-04-38
==== Evaluating Model ====
Train nll PPL 2.408 mi 0.104 pi_kl 0.058 pi_h 0.129
done epoch 66 -> 67
Generation: 1 batches
Val nll PPL 3.189 mi 0.119 pi_kl 0.072 pi_h 0.153
Total valid loss = 1.2314589596030736
Test nll PPL 3.135 mi 0.120 pi_kl 0.072 pi_h 0.154
Total valid loss = 1.2151020088543494

***** Epoch 67/100 *****
100/400-(0.000): Train nll PPL 2.430 mi 0.106 pi_kl 0.059 pi_h 0.135
200/400-(0.000): Train nll PPL 2.500 mi 0.104 pi_kl 0.057 pi_h 0.126
300/400-(0.000): Train nll PPL 2.521 mi 0.109 pi_kl 0.061 pi_h 0.136
0/400-(0.000): Train nll PPL 2.557 mi 0.105 pi_kl 0.057 pi_h 0.127
Checkpoint step at 2019-12-04 00-04-55
==== Evaluating Model ====
Train nll PPL 2.501 mi 0.106 pi_kl 0.059 pi_h 0.131
done epoch 67 -> 68
Generation: 1 batches
Val nll PPL 3.190 mi 0.122 pi_kl 0.073 pi_h 0.155
Total valid loss = 1.232644258159222
Test nll PPL 3.123 mi 0.124 pi_kl 0.075 pi_h 0.157
Total valid loss = 1.2135886413355668

***** Epoch 68/100 *****
100/400-(0.000): Train nll PPL 2.509 mi 0.107 pi_kl 0.059 pi_h 0.129
200/400-(0.000): Train nll PPL 2.494 mi 0.100 pi_kl 0.055 pi_h 0.125
300/400-(0.000): Train nll PPL 2.356 mi 0.101 pi_kl 0.054 pi_h 0.129
0/400-(0.000): Train nll PPL 2.382 mi 0.107 pi_kl 0.060 pi_h 0.128
Checkpoint step at 2019-12-04 00-05-13
==== Evaluating Model ====
Train nll PPL 2.434 mi 0.104 pi_kl 0.057 pi_h 0.128
done epoch 68 -> 69
Generation: 1 batches
Val nll PPL 3.192 mi 0.110 pi_kl 0.064 pi_h 0.134
Total valid loss = 1.2244602925706618
Test nll PPL 3.158 mi 0.111 pi_kl 0.065 pi_h 0.135
Total valid loss = 1.214803446084261

***** Epoch 69/100 *****
100/400-(0.000): Train nll PPL 2.342 mi 0.106 pi_kl 0.059 pi_h 0.129
200/400-(0.000): Train nll PPL 2.452 mi 0.105 pi_kl 0.060 pi_h 0.129
300/400-(0.000): Train nll PPL 2.446 mi 0.105 pi_kl 0.057 pi_h 0.129
0/400-(0.000): Train nll PPL 2.421 mi 0.104 pi_kl 0.055 pi_h 0.127
Checkpoint step at 2019-12-04 00-05-31
==== Evaluating Model ====
Train nll PPL 2.415 mi 0.105 pi_kl 0.058 pi_h 0.129
done epoch 69 -> 70
Generation: 1 batches
Val nll PPL 3.205 mi 0.108 pi_kl 0.061 pi_h 0.133
Total valid loss = 1.2257920102317734
Test nll PPL 3.183 mi 0.109 pi_kl 0.062 pi_h 0.134
Total valid loss = 1.2199034914374352

***** Epoch 70/100 *****
100/400-(0.000): Train nll PPL 2.490 mi 0.103 pi_kl 0.057 pi_h 0.126
200/400-(0.000): Train nll PPL 2.443 mi 0.106 pi_kl 0.058 pi_h 0.127
300/400-(0.000): Train nll PPL 2.518 mi 0.103 pi_kl 0.057 pi_h 0.123
0/400-(0.000): Train nll PPL 2.432 mi 0.107 pi_kl 0.060 pi_h 0.131
Checkpoint step at 2019-12-04 00-05-49
==== Evaluating Model ====
Train nll PPL 2.470 mi 0.105 pi_kl 0.058 pi_h 0.127
done epoch 70 -> 71
Generation: 1 batches
Val nll PPL 3.186 mi 0.114 pi_kl 0.064 pi_h 0.141
Total valid loss = 1.2233992342901703
Test nll PPL 3.135 mi 0.115 pi_kl 0.067 pi_h 0.142
Total valid loss = 1.210192758589983
!!Model Saved with loss = 1.2233992342901703,at 2019-12-04 00-05-51.

***** Epoch 71/100 *****
100/400-(0.000): Train nll PPL 2.380 mi 0.108 pi_kl 0.061 pi_h 0.134
200/400-(0.000): Train nll PPL 2.397 mi 0.106 pi_kl 0.058 pi_h 0.133
300/400-(0.000): Train nll PPL 2.421 mi 0.108 pi_kl 0.061 pi_h 0.131
0/400-(0.000): Train nll PPL 2.409 mi 0.109 pi_kl 0.059 pi_h 0.130
Checkpoint step at 2019-12-04 00-06-06
==== Evaluating Model ====
Train nll PPL 2.402 mi 0.108 pi_kl 0.060 pi_h 0.132
done epoch 71 -> 72
Generation: 1 batches
Val nll PPL 3.211 mi 0.109 pi_kl 0.059 pi_h 0.133
Total valid loss = 1.2258611811269629
Test nll PPL 3.152 mi 0.111 pi_kl 0.062 pi_h 0.135
Total valid loss = 1.2102582560231288

***** Epoch 72/100 *****
100/400-(0.000): Train nll PPL 2.456 mi 0.106 pi_kl 0.059 pi_h 0.130
200/400-(0.000): Train nll PPL 2.426 mi 0.104 pi_kl 0.057 pi_h 0.126
300/400-(0.000): Train nll PPL 2.467 mi 0.103 pi_kl 0.055 pi_h 0.124
0/400-(0.000): Train nll PPL 2.457 mi 0.108 pi_kl 0.060 pi_h 0.128
Checkpoint step at 2019-12-04 00-06-24
==== Evaluating Model ====
Train nll PPL 2.452 mi 0.105 pi_kl 0.058 pi_h 0.127
done epoch 72 -> 73
Generation: 1 batches
Val nll PPL 3.189 mi 0.110 pi_kl 0.064 pi_h 0.131
Total valid loss = 1.2236955643880485
Test nll PPL 3.144 mi 0.110 pi_kl 0.066 pi_h 0.132
Total valid loss = 1.211412038654089

***** Epoch 73/100 *****
100/400-(0.000): Train nll PPL 2.389 mi 0.107 pi_kl 0.061 pi_h 0.128
200/400-(0.000): Train nll PPL 2.329 mi 0.106 pi_kl 0.058 pi_h 0.127
300/400-(0.000): Train nll PPL 2.343 mi 0.107 pi_kl 0.059 pi_h 0.132
0/400-(0.000): Train nll PPL 2.345 mi 0.104 pi_kl 0.057 pi_h 0.122
Checkpoint step at 2019-12-04 00-06-42
==== Evaluating Model ====
Train nll PPL 2.351 mi 0.106 pi_kl 0.059 pi_h 0.127
done epoch 73 -> 74
Generation: 1 batches
Val nll PPL 3.163 mi 0.116 pi_kl 0.067 pi_h 0.143
Total valid loss = 1.218494411152188
Test nll PPL 3.122 mi 0.117 pi_kl 0.069 pi_h 0.144
Total valid loss = 1.2078520096838474
Update patience to 148.0
!!Model Saved with loss = 1.218494411152188,at 2019-12-04 00-06-44.

***** Epoch 74/100 *****
100/400-(0.000): Train nll PPL 2.407 mi 0.103 pi_kl 0.057 pi_h 0.125
200/400-(0.000): Train nll PPL 2.435 mi 0.106 pi_kl 0.059 pi_h 0.126
300/400-(0.000): Train nll PPL 2.465 mi 0.109 pi_kl 0.060 pi_h 0.132
0/400-(0.000): Train nll PPL 2.459 mi 0.108 pi_kl 0.059 pi_h 0.129
Checkpoint step at 2019-12-04 00-06-59
==== Evaluating Model ====
Train nll PPL 2.441 mi 0.106 pi_kl 0.059 pi_h 0.128
done epoch 74 -> 75
Generation: 1 batches
Val nll PPL 3.167 mi 0.106 pi_kl 0.061 pi_h 0.128
Total valid loss = 1.2135608792304993
Test nll PPL 3.124 mi 0.108 pi_kl 0.063 pi_h 0.129
Total valid loss = 1.202294299999873
Update patience to 150.0
!!Model Saved with loss = 1.2135608792304993,at 2019-12-04 00-07-02.

***** Epoch 75/100 *****
100/400-(0.000): Train nll PPL 2.463 mi 0.104 pi_kl 0.057 pi_h 0.127
200/400-(0.000): Train nll PPL 2.408 mi 0.105 pi_kl 0.059 pi_h 0.124
300/400-(0.000): Train nll PPL 2.313 mi 0.108 pi_kl 0.060 pi_h 0.129
0/400-(0.000): Train nll PPL 2.296 mi 0.108 pi_kl 0.060 pi_h 0.132
Checkpoint step at 2019-12-04 00-07-17
==== Evaluating Model ====
Train nll PPL 2.369 mi 0.106 pi_kl 0.059 pi_h 0.128
done epoch 75 -> 76
Generation: 1 batches
Val nll PPL 3.145 mi 0.123 pi_kl 0.076 pi_h 0.153
Total valid loss = 1.222122325755582
Test nll PPL 3.079 mi 0.124 pi_kl 0.079 pi_h 0.154
Total valid loss = 1.2029459439218044

***** Epoch 76/100 *****
100/400-(0.000): Train nll PPL 2.381 mi 0.105 pi_kl 0.056 pi_h 0.127
200/400-(0.000): Train nll PPL 2.366 mi 0.105 pi_kl 0.061 pi_h 0.126
300/400-(0.000): Train nll PPL 2.404 mi 0.104 pi_kl 0.059 pi_h 0.125
0/400-(0.000): Train nll PPL 2.380 mi 0.106 pi_kl 0.058 pi_h 0.123
Checkpoint step at 2019-12-04 00-07-35
==== Evaluating Model ====
Train nll PPL 2.383 mi 0.105 pi_kl 0.058 pi_h 0.126
done epoch 76 -> 77
Generation: 1 batches
Val nll PPL 3.150 mi 0.128 pi_kl 0.074 pi_h 0.160
Total valid loss = 1.2212836807317073
Test nll PPL 3.117 mi 0.129 pi_kl 0.077 pi_h 0.161
Total valid loss = 1.2136863240351279

***** Epoch 77/100 *****
100/400-(0.000): Train nll PPL 2.354 mi 0.111 pi_kl 0.060 pi_h 0.135
200/400-(0.000): Train nll PPL 2.383 mi 0.104 pi_kl 0.059 pi_h 0.124
300/400-(0.000): Train nll PPL 2.469 mi 0.106 pi_kl 0.060 pi_h 0.126
0/400-(0.000): Train nll PPL 2.442 mi 0.102 pi_kl 0.055 pi_h 0.122
Checkpoint step at 2019-12-04 00-07-53
==== Evaluating Model ====
Train nll PPL 2.411 mi 0.106 pi_kl 0.059 pi_h 0.127
done epoch 77 -> 78
Generation: 1 batches
Val nll PPL 3.140 mi 0.108 pi_kl 0.062 pi_h 0.131
Total valid loss = 1.206537635609655
Test nll PPL 3.109 mi 0.110 pi_kl 0.065 pi_h 0.133
Total valid loss = 1.1992502609888713
Update patience to 156.0
!!Model Saved with loss = 1.206537635609655,at 2019-12-04 00-07-55.

***** Epoch 78/100 *****
100/400-(0.000): Train nll PPL 2.327 mi 0.105 pi_kl 0.058 pi_h 0.127
200/400-(0.000): Train nll PPL 2.354 mi 0.106 pi_kl 0.058 pi_h 0.127
300/400-(0.000): Train nll PPL 2.353 mi 0.107 pi_kl 0.061 pi_h 0.129
0/400-(0.000): Train nll PPL 2.351 mi 0.106 pi_kl 0.060 pi_h 0.126
Checkpoint step at 2019-12-04 00-08-10
==== Evaluating Model ====
Train nll PPL 2.346 mi 0.106 pi_kl 0.059 pi_h 0.127
done epoch 78 -> 79
Generation: 1 batches
Val nll PPL 3.138 mi 0.123 pi_kl 0.078 pi_h 0.153
Total valid loss = 1.2214889721115036
Test nll PPL 3.090 mi 0.123 pi_kl 0.080 pi_h 0.155
Total valid loss = 1.2083548121154308

***** Epoch 79/100 *****
100/400-(0.000): Train nll PPL 2.289 mi 0.108 pi_kl 0.061 pi_h 0.132
200/400-(0.000): Train nll PPL 2.393 mi 0.106 pi_kl 0.061 pi_h 0.129
300/400-(0.000): Train nll PPL 2.401 mi 0.102 pi_kl 0.056 pi_h 0.124
0/400-(0.000): Train nll PPL 2.389 mi 0.106 pi_kl 0.057 pi_h 0.125
Checkpoint step at 2019-12-04 00-08-28
==== Evaluating Model ====
Train nll PPL 2.368 mi 0.106 pi_kl 0.059 pi_h 0.128
done epoch 79 -> 80
Generation: 1 batches
Val nll PPL 3.177 mi 0.117 pi_kl 0.068 pi_h 0.144
Total valid loss = 1.2242239164833975
Test nll PPL 3.133 mi 0.117 pi_kl 0.071 pi_h 0.145
Total valid loss = 1.2126920415709417

***** Epoch 80/100 *****
100/400-(0.000): Train nll PPL 2.372 mi 0.106 pi_kl 0.059 pi_h 0.130
200/400-(0.000): Train nll PPL 2.243 mi 0.104 pi_kl 0.057 pi_h 0.124
300/400-(0.000): Train nll PPL 2.275 mi 0.100 pi_kl 0.055 pi_h 0.124
0/400-(0.000): Train nll PPL 2.299 mi 0.105 pi_kl 0.057 pi_h 0.127
Checkpoint step at 2019-12-04 00-08-46
==== Evaluating Model ====
Train nll PPL 2.297 mi 0.104 pi_kl 0.057 pi_h 0.126
done epoch 80 -> 81
Generation: 1 batches
Val nll PPL 3.158 mi 0.115 pi_kl 0.065 pi_h 0.143
Total valid loss = 1.215066688485665
Test nll PPL 3.094 mi 0.116 pi_kl 0.068 pi_h 0.145
Total valid loss = 1.1973250961552064

***** Epoch 81/100 *****
100/400-(0.000): Train nll PPL 2.308 mi 0.103 pi_kl 0.057 pi_h 0.126
200/400-(0.000): Train nll PPL 2.423 mi 0.103 pi_kl 0.058 pi_h 0.124
300/400-(0.000): Train nll PPL 2.328 mi 0.103 pi_kl 0.058 pi_h 0.122
0/400-(0.000): Train nll PPL 2.360 mi 0.106 pi_kl 0.060 pi_h 0.127
Checkpoint step at 2019-12-04 00-09-03
==== Evaluating Model ====
Train nll PPL 2.354 mi 0.104 pi_kl 0.058 pi_h 0.125
done epoch 81 -> 82
Generation: 1 batches
Val nll PPL 3.156 mi 0.115 pi_kl 0.069 pi_h 0.139
Total valid loss = 1.2187058099425665
Test nll PPL 3.107 mi 0.116 pi_kl 0.072 pi_h 0.141
Total valid loss = 1.2058933979521196

***** Epoch 82/100 *****
100/400-(0.000): Train nll PPL 2.419 mi 0.111 pi_kl 0.061 pi_h 0.133
200/400-(0.000): Train nll PPL 2.408 mi 0.109 pi_kl 0.061 pi_h 0.132
300/400-(0.000): Train nll PPL 2.382 mi 0.107 pi_kl 0.060 pi_h 0.128
0/400-(0.000): Train nll PPL 2.294 mi 0.106 pi_kl 0.058 pi_h 0.129
Checkpoint step at 2019-12-04 00-09-21
==== Evaluating Model ====
Train nll PPL 2.375 mi 0.109 pi_kl 0.060 pi_h 0.130
done epoch 82 -> 83
Generation: 1 batches
Val nll PPL 3.125 mi 0.120 pi_kl 0.071 pi_h 0.144
Total valid loss = 1.2100953961362932
Test nll PPL 3.092 mi 0.120 pi_kl 0.072 pi_h 0.145
Total valid loss = 1.2011263817548752

***** Epoch 83/100 *****
100/400-(0.000): Train nll PPL 2.309 mi 0.107 pi_kl 0.060 pi_h 0.123
200/400-(0.000): Train nll PPL 2.310 mi 0.111 pi_kl 0.061 pi_h 0.134
300/400-(0.000): Train nll PPL 2.324 mi 0.111 pi_kl 0.063 pi_h 0.135
0/400-(0.000): Train nll PPL 2.314 mi 0.105 pi_kl 0.057 pi_h 0.125
Checkpoint step at 2019-12-04 00-09-39
==== Evaluating Model ====
Train nll PPL 2.314 mi 0.108 pi_kl 0.060 pi_h 0.129
done epoch 83 -> 84
Generation: 1 batches
Val nll PPL 3.144 mi 0.120 pi_kl 0.071 pi_h 0.151
Total valid loss = 1.2169907228781445
Test nll PPL 3.063 mi 0.120 pi_kl 0.073 pi_h 0.153
Total valid loss = 1.1927966239551704

***** Epoch 84/100 *****
100/400-(0.000): Train nll PPL 2.293 mi 0.103 pi_kl 0.057 pi_h 0.128
200/400-(0.000): Train nll PPL 2.393 mi 0.104 pi_kl 0.058 pi_h 0.125
300/400-(0.000): Train nll PPL 2.364 mi 0.107 pi_kl 0.058 pi_h 0.125
0/400-(0.000): Train nll PPL 2.347 mi 0.103 pi_kl 0.055 pi_h 0.125
Checkpoint step at 2019-12-04 00-09-57
==== Evaluating Model ====
Train nll PPL 2.349 mi 0.104 pi_kl 0.057 pi_h 0.126
done epoch 84 -> 85
Generation: 1 batches
Val nll PPL 3.152 mi 0.108 pi_kl 0.061 pi_h 0.128
Total valid loss = 1.208525037411416
Test nll PPL 3.089 mi 0.108 pi_kl 0.061 pi_h 0.129
Total valid loss = 1.1892493423074484

***** Epoch 85/100 *****
100/400-(0.000): Train nll PPL 2.304 mi 0.105 pi_kl 0.058 pi_h 0.121
200/400-(0.000): Train nll PPL 2.250 mi 0.104 pi_kl 0.058 pi_h 0.129
300/400-(0.000): Train nll PPL 2.280 mi 0.103 pi_kl 0.057 pi_h 0.127
0/400-(0.000): Train nll PPL 2.301 mi 0.106 pi_kl 0.059 pi_h 0.124
Checkpoint step at 2019-12-04 00-10-14
==== Evaluating Model ====
Train nll PPL 2.284 mi 0.105 pi_kl 0.058 pi_h 0.125
done epoch 85 -> 86
Generation: 1 batches
Val nll PPL 3.114 mi 0.106 pi_kl 0.059 pi_h 0.124
Total valid loss = 1.194925090464035
Test nll PPL 3.097 mi 0.107 pi_kl 0.061 pi_h 0.125
Total valid loss = 1.1910328138619661
Update patience to 172.0
!!Model Saved with loss = 1.194925090464035,at 2019-12-04 00-10-16.

***** Epoch 86/100 *****
100/400-(0.000): Train nll PPL 2.297 mi 0.108 pi_kl 0.059 pi_h 0.129
200/400-(0.000): Train nll PPL 2.328 mi 0.103 pi_kl 0.055 pi_h 0.123
300/400-(0.000): Train nll PPL 2.309 mi 0.107 pi_kl 0.057 pi_h 0.129
0/400-(0.000): Train nll PPL 2.396 mi 0.101 pi_kl 0.055 pi_h 0.123
Checkpoint step at 2019-12-04 00-10-32
==== Evaluating Model ====
Train nll PPL 2.332 mi 0.105 pi_kl 0.056 pi_h 0.126
done epoch 86 -> 87
Generation: 1 batches
Val nll PPL 3.149 mi 0.117 pi_kl 0.068 pi_h 0.149
Total valid loss = 1.2152181049384694
Test nll PPL 3.085 mi 0.118 pi_kl 0.071 pi_h 0.150
Total valid loss = 1.1971134040504694

***** Epoch 87/100 *****
100/400-(0.000): Train nll PPL 2.370 mi 0.108 pi_kl 0.063 pi_h 0.131
200/400-(0.000): Train nll PPL 2.305 mi 0.105 pi_kl 0.058 pi_h 0.124
300/400-(0.000): Train nll PPL 2.251 mi 0.107 pi_kl 0.061 pi_h 0.128
0/400-(0.000): Train nll PPL 2.248 mi 0.103 pi_kl 0.058 pi_h 0.123
Checkpoint step at 2019-12-04 00-10-50
==== Evaluating Model ====
Train nll PPL 2.293 mi 0.106 pi_kl 0.060 pi_h 0.127
done epoch 87 -> 88
Generation: 1 batches
Val nll PPL 3.120 mi 0.115 pi_kl 0.068 pi_h 0.140
Total valid loss = 1.2062578348830195
Test nll PPL 3.079 mi 0.116 pi_kl 0.071 pi_h 0.142
Total valid loss = 1.1954038528104622

***** Epoch 88/100 *****
100/400-(0.000): Train nll PPL 2.280 mi 0.108 pi_kl 0.061 pi_h 0.127
200/400-(0.000): Train nll PPL 2.302 mi 0.105 pi_kl 0.058 pi_h 0.125
300/400-(0.000): Train nll PPL 2.299 mi 0.104 pi_kl 0.056 pi_h 0.123
0/400-(0.000): Train nll PPL 2.315 mi 0.104 pi_kl 0.057 pi_h 0.124
Checkpoint step at 2019-12-04 00-11-08
==== Evaluating Model ====
Train nll PPL 2.299 mi 0.105 pi_kl 0.058 pi_h 0.125
done epoch 88 -> 89
Generation: 1 batches
Val nll PPL 3.170 mi 0.127 pi_kl 0.076 pi_h 0.160
Total valid loss = 1.2298195604050512
Test nll PPL 3.094 mi 0.129 pi_kl 0.080 pi_h 0.162
Total valid loss = 1.2094276615728934

***** Epoch 89/100 *****
100/400-(0.000): Train nll PPL 2.288 mi 0.109 pi_kl 0.060 pi_h 0.129
200/400-(0.000): Train nll PPL 2.350 mi 0.107 pi_kl 0.057 pi_h 0.128
300/400-(0.000): Train nll PPL 2.368 mi 0.106 pi_kl 0.058 pi_h 0.130
0/400-(0.000): Train nll PPL 2.198 mi 0.103 pi_kl 0.056 pi_h 0.127
Checkpoint step at 2019-12-04 00-11-25
==== Evaluating Model ====
Train nll PPL 2.300 mi 0.106 pi_kl 0.058 pi_h 0.128
done epoch 89 -> 90
Generation: 1 batches
Val nll PPL 3.108 mi 0.115 pi_kl 0.066 pi_h 0.141
Total valid loss = 1.2001579232735209
Test nll PPL 3.095 mi 0.115 pi_kl 0.068 pi_h 0.142
Total valid loss = 1.197345308959484

***** Epoch 90/100 *****
100/400-(0.000): Train nll PPL 2.213 mi 0.109 pi_kl 0.058 pi_h 0.129
200/400-(0.000): Train nll PPL 2.232 mi 0.105 pi_kl 0.057 pi_h 0.126
300/400-(0.000): Train nll PPL 2.295 mi 0.105 pi_kl 0.058 pi_h 0.125
0/400-(0.000): Train nll PPL 2.317 mi 0.105 pi_kl 0.058 pi_h 0.123
Checkpoint step at 2019-12-04 00-11-43
==== Evaluating Model ====
Train nll PPL 2.264 mi 0.106 pi_kl 0.058 pi_h 0.126
done epoch 90 -> 91
Generation: 1 batches
Val nll PPL 3.132 mi 0.109 pi_kl 0.063 pi_h 0.125
Total valid loss = 1.2044297250190583
Test nll PPL 3.102 mi 0.111 pi_kl 0.065 pi_h 0.128
Total valid loss = 1.1975686196237803

***** Epoch 91/100 *****
100/400-(0.000): Train nll PPL 2.324 mi 0.105 pi_kl 0.059 pi_h 0.126
200/400-(0.000): Train nll PPL 2.280 mi 0.103 pi_kl 0.056 pi_h 0.123
300/400-(0.000): Train nll PPL 2.337 mi 0.108 pi_kl 0.059 pi_h 0.128
0/400-(0.000): Train nll PPL 2.361 mi 0.105 pi_kl 0.058 pi_h 0.128
Checkpoint step at 2019-12-04 00-12-01
==== Evaluating Model ====
Train nll PPL 2.325 mi 0.105 pi_kl 0.058 pi_h 0.126
done epoch 91 -> 92
Generation: 1 batches
Val nll PPL 3.079 mi 0.120 pi_kl 0.069 pi_h 0.152
Total valid loss = 1.1934529861601273
Test nll PPL 3.041 mi 0.121 pi_kl 0.072 pi_h 0.153
Total valid loss = 1.1839210658023755
!!Model Saved with loss = 1.1934529861601273,at 2019-12-04 00-12-03.

***** Epoch 92/100 *****
100/400-(0.000): Train nll PPL 2.237 mi 0.105 pi_kl 0.056 pi_h 0.126
200/400-(0.000): Train nll PPL 2.252 mi 0.105 pi_kl 0.059 pi_h 0.126
300/400-(0.000): Train nll PPL 2.220 mi 0.106 pi_kl 0.056 pi_h 0.127
0/400-(0.000): Train nll PPL 2.255 mi 0.111 pi_kl 0.063 pi_h 0.131
Checkpoint step at 2019-12-04 00-12-18
==== Evaluating Model ====
Train nll PPL 2.241 mi 0.107 pi_kl 0.058 pi_h 0.128
done epoch 92 -> 93
Generation: 1 batches
Val nll PPL 3.146 mi 0.120 pi_kl 0.072 pi_h 0.149
Total valid loss = 1.2179933001499366
Test nll PPL 3.086 mi 0.120 pi_kl 0.074 pi_h 0.150
Total valid loss = 1.2005771715193987

***** Epoch 93/100 *****
100/400-(0.000): Train nll PPL 2.269 mi 0.106 pi_kl 0.059 pi_h 0.127
200/400-(0.000): Train nll PPL 2.268 mi 0.102 pi_kl 0.056 pi_h 0.123
300/400-(0.000): Train nll PPL 2.260 mi 0.102 pi_kl 0.054 pi_h 0.121
0/400-(0.000): Train nll PPL 2.285 mi 0.107 pi_kl 0.058 pi_h 0.126
Checkpoint step at 2019-12-04 00-12-36
==== Evaluating Model ====
Train nll PPL 2.271 mi 0.105 pi_kl 0.057 pi_h 0.124
done epoch 93 -> 94
Generation: 1 batches
Val nll PPL 3.105 mi 0.104 pi_kl 0.057 pi_h 0.124
Total valid loss = 1.1899187889429603
Test nll PPL 3.081 mi 0.106 pi_kl 0.060 pi_h 0.126
Total valid loss = 1.1849668237070243
Update patience to 188.0
!!Model Saved with loss = 1.1899187889429603,at 2019-12-04 00-12-38.

***** Epoch 94/100 *****
100/400-(0.000): Train nll PPL 2.315 mi 0.107 pi_kl 0.061 pi_h 0.125
200/400-(0.000): Train nll PPL 2.313 mi 0.112 pi_kl 0.063 pi_h 0.128
300/400-(0.000): Train nll PPL 2.225 mi 0.111 pi_kl 0.065 pi_h 0.135
0/400-(0.000): Train nll PPL 2.213 mi 0.108 pi_kl 0.062 pi_h 0.131
Checkpoint step at 2019-12-04 00-12-54
==== Evaluating Model ====
Train nll PPL 2.266 mi 0.110 pi_kl 0.063 pi_h 0.130
done epoch 94 -> 95
Generation: 1 batches
Val nll PPL 3.123 mi 0.106 pi_kl 0.057 pi_h 0.128
Total valid loss = 1.19587374500709
Test nll PPL 3.100 mi 0.108 pi_kl 0.060 pi_h 0.130
Total valid loss = 1.1909855616589387

***** Epoch 95/100 *****
100/400-(0.000): Train nll PPL 2.228 mi 0.103 pi_kl 0.057 pi_h 0.123
200/400-(0.000): Train nll PPL 2.268 mi 0.106 pi_kl 0.057 pi_h 0.123
300/400-(0.000): Train nll PPL 2.219 mi 0.107 pi_kl 0.058 pi_h 0.125
0/400-(0.000): Train nll PPL 2.318 mi 0.106 pi_kl 0.061 pi_h 0.128
Checkpoint step at 2019-12-04 00-13-11
==== Evaluating Model ====
Train nll PPL 2.258 mi 0.106 pi_kl 0.058 pi_h 0.125
done epoch 95 -> 96
Generation: 1 batches
Val nll PPL 3.118 mi 0.104 pi_kl 0.057 pi_h 0.123
Total valid loss = 1.1946978238549564
Test nll PPL 3.049 mi 0.105 pi_kl 0.060 pi_h 0.124
Total valid loss = 1.1744534342239301

***** Epoch 96/100 *****
100/400-(0.000): Train nll PPL 2.269 mi 0.104 pi_kl 0.057 pi_h 0.124
200/400-(0.000): Train nll PPL 2.332 mi 0.103 pi_kl 0.055 pi_h 0.124
300/400-(0.000): Train nll PPL 2.302 mi 0.103 pi_kl 0.055 pi_h 0.120
0/400-(0.000): Train nll PPL 2.257 mi 0.107 pi_kl 0.058 pi_h 0.125
Checkpoint step at 2019-12-04 00-13-29
==== Evaluating Model ====
Train nll PPL 2.290 mi 0.104 pi_kl 0.056 pi_h 0.123
done epoch 96 -> 97
Generation: 1 batches
Val nll PPL 3.083 mi 0.121 pi_kl 0.071 pi_h 0.146
Total valid loss = 1.1965341243413414
Test nll PPL 3.033 mi 0.121 pi_kl 0.072 pi_h 0.147
Total valid loss = 1.1816421026984851

***** Epoch 97/100 *****
100/400-(0.000): Train nll PPL 2.227 mi 0.110 pi_kl 0.062 pi_h 0.125
200/400-(0.000): Train nll PPL 2.141 mi 0.106 pi_kl 0.057 pi_h 0.128
300/400-(0.000): Train nll PPL 2.197 mi 0.104 pi_kl 0.056 pi_h 0.121
0/400-(0.000): Train nll PPL 2.251 mi 0.106 pi_kl 0.060 pi_h 0.128
Checkpoint step at 2019-12-04 00-13-47
==== Evaluating Model ====
Train nll PPL 2.203 mi 0.106 pi_kl 0.059 pi_h 0.125
done epoch 97 -> 98
Generation: 1 batches
Val nll PPL 3.123 mi 0.108 pi_kl 0.061 pi_h 0.131
Total valid loss = 1.199761715265784
Test nll PPL 3.066 mi 0.109 pi_kl 0.064 pi_h 0.133
Total valid loss = 1.1840107229848702

***** Epoch 98/100 *****
100/400-(0.000): Train nll PPL 2.262 mi 0.104 pi_kl 0.059 pi_h 0.124
200/400-(0.000): Train nll PPL 2.237 mi 0.105 pi_kl 0.057 pi_h 0.123
300/400-(0.000): Train nll PPL 2.290 mi 0.107 pi_kl 0.057 pi_h 0.125
0/400-(0.000): Train nll PPL 2.273 mi 0.104 pi_kl 0.056 pi_h 0.121
Checkpoint step at 2019-12-04 00-14-05
==== Evaluating Model ====
Train nll PPL 2.265 mi 0.105 pi_kl 0.057 pi_h 0.123
done epoch 98 -> 99
Generation: 1 batches
Val nll PPL 3.133 mi 0.114 pi_kl 0.062 pi_h 0.139
Total valid loss = 1.204495117215827
Test nll PPL 3.062 mi 0.116 pi_kl 0.066 pi_h 0.141
Total valid loss = 1.1847279431919258

***** Epoch 99/100 *****
100/400-(0.000): Train nll PPL 2.333 mi 0.104 pi_kl 0.056 pi_h 0.123
200/400-(0.000): Train nll PPL 2.103 mi 0.103 pi_kl 0.057 pi_h 0.119
300/400-(0.000): Train nll PPL 2.263 mi 0.104 pi_kl 0.057 pi_h 0.123
0/400-(0.000): Train nll PPL 2.164 mi 0.105 pi_kl 0.055 pi_h 0.122
Checkpoint step at 2019-12-04 00-14-22
==== Evaluating Model ====
Train nll PPL 2.214 mi 0.104 pi_kl 0.056 pi_h 0.122
done epoch 99 -> 100
Generation: 1 batches
Val nll PPL 3.111 mi 0.113 pi_kl 0.063 pi_h 0.138
Total valid loss = 1.1979945266600882
Test nll PPL 3.056 mi 0.115 pi_kl 0.066 pi_h 0.140
Total valid loss = 1.1833094116300344
Load model 94
Forward Only Evaluation
Val nll PPL 3.129 mi 0.105 pi_kl 0.057 pi_h 0.124
Total valid loss = 1.1975353059202138
Test nll PPL 3.059 mi 0.106 pi_kl 0.060 pi_h 0.126
Total valid loss = 1.1777316698183615
Generation: 96 batches
[END]2019-12-04-00-14-30==============================
